2023-05-04 21:35:46,036 [INFO] Activator:179 - 


2023-05-04 21:35:46,037 [INFO] Activator:180 - !SESSION log4j initialized
2023-05-04 21:35:48,167 [ERROR] ConfigurationRetriever:140 - IOException on connection: citools.st.com
2023-05-04 21:35:48,168 [ERROR] ConfigurationRetriever:140 - IOException on connection: citools.st.com
2023-05-04 21:35:48,168 [ERROR] ConfigurationRetriever:140 - IOException on connection: citools.st.com
2023-05-04 21:35:52,415 [INFO] McuFinderGlobals:52 - Set McuFinder mode to 2 (CubeIDE integrated)
2023-05-04 21:35:52,466 [INFO] ApplicationProperties:181 - Using Application install path: /opt/st/stm32cubeide_1.11.2/plugins/com.st.stm32cube.common.mx_6.7.0.202301130839
2023-05-04 21:35:52,474 [INFO] DbMcusXml:77 - Set database path to: /opt/st/stm32cubeide_1.11.2/plugins/com.st.stm32cube.common.mx_6.7.0.202301130839//db//mcu/
2023-05-04 21:35:52,475 [INFO] ApiDb:273 - Set plugin database path to: /opt/st/stm32cubeide_1.11.2/plugins/com.st.stm32cube.common.mx_6.7.0.202301130839//db//plugins/boardmanager/
2023-05-04 21:35:52,476 [WARN] ApiDb:258 - Overriding images path with different value:  => /opt/st/stm32cubeide_1.11.2/plugins/com.st.stm32cube.common.mx_6.7.0.202301130839//db//plugins/mcufinder/images/
2023-05-04 21:35:52,482 [INFO] ApiDb:249 - Set database path to: /home/nikita/.stmcufinder/plugins/mcufinder//mcu/
2023-05-04 21:35:52,483 [INFO] DbMcusAds:124 - Set database path to: /home/nikita/.stmcufinder/plugins/mcufinder//mcu/
2023-05-04 21:35:52,484 [INFO] CrossReferenceDbSqlite:202 - Set database path to: /home/nikita/.stmcufinder/plugins/mcufinder//mcu/cs/
2023-05-04 21:35:52,524 [INFO] RulesReader:61 - Compatibility file has been processed (283 Rules)
2023-05-04 21:35:52,553 [INFO] DbMcusXml:77 - Set database path to: /opt/st/stm32cubeide_1.11.2/plugins/com.st.stm32cube.common.mx_6.7.0.202301130839//db//mcu/
2023-05-04 21:35:52,554 [INFO] ApiDb:273 - Set plugin database path to: /opt/st/stm32cubeide_1.11.2/plugins/com.st.stm32cube.common.mx_6.7.0.202301130839//db//plugins/boardmanager/
2023-05-04 21:35:52,554 [INFO] ApiDb:260 - Set plugin images path to: /opt/st/stm32cubeide_1.11.2/plugins/com.st.stm32cube.common.mx_6.7.0.202301130839//db//plugins/mcufinder/images/
2023-05-04 21:35:52,554 [WARN] DbFile:40 - Overriding database path with different value: /home/nikita/.stmcufinder/plugins/mcufinder/ => /home/nikita/.stmcufinder/plugins/mcufinder
2023-05-04 21:35:52,554 [INFO] ApiDb:249 - Set database path to: /home/nikita/.stmcufinder/plugins/mcufinder//mcu/
2023-05-04 21:35:52,554 [WARN] DbFile:40 - Overriding database path with different value: /home/nikita/.stmcufinder/plugins/mcufinder/ => /home/nikita/.stmcufinder/plugins/mcufinder
2023-05-04 21:35:52,554 [INFO] DbMcusAds:124 - Set database path to: /home/nikita/.stmcufinder/plugins/mcufinder//mcu/
2023-05-04 21:35:52,555 [WARN] DbFile:40 - Overriding database path with different value: /home/nikita/.stmcufinder/plugins/mcufinder/ => /home/nikita/.stmcufinder/plugins/mcufinder
2023-05-04 21:35:52,555 [WARN] DbFile:40 - Overriding database path with different value: /home/nikita/.stmcufinder/plugins/mcufinder/ => /home/nikita/.stmcufinder/plugins/mcufinder
2023-05-04 21:35:52,555 [INFO] CrossReferenceDbSqlite:202 - Set database path to: /home/nikita/.stmcufinder/plugins/mcufinder//mcu/cs/
2023-05-04 21:35:52,584 [INFO] MainPanel:252 - HeapMemory: 268435456
2023-05-04 21:35:52,622 [INFO] DbMcusXml:77 - Set database path to: /opt/st/stm32cubeide_1.11.2/plugins/com.st.stm32cube.common.mx_6.7.0.202301130839//db//mcu/
2023-05-04 21:35:52,622 [INFO] ApiDb:273 - Set plugin database path to: /opt/st/stm32cubeide_1.11.2/plugins/com.st.stm32cube.common.mx_6.7.0.202301130839//db//plugins/boardmanager/
2023-05-04 21:35:52,622 [INFO] ApiDb:260 - Set plugin images path to: /opt/st/stm32cubeide_1.11.2/plugins/com.st.stm32cube.common.mx_6.7.0.202301130839//db//plugins/mcufinder/images/
2023-05-04 21:35:52,623 [WARN] DbFile:40 - Overriding database path with different value: /home/nikita/.stmcufinder/plugins/mcufinder/ => /home/nikita/.stmcufinder/plugins/mcufinder
2023-05-04 21:35:52,623 [INFO] ApiDb:249 - Set database path to: /home/nikita/.stmcufinder/plugins/mcufinder//mcu/
2023-05-04 21:35:52,623 [WARN] DbFile:40 - Overriding database path with different value: /home/nikita/.stmcufinder/plugins/mcufinder/ => /home/nikita/.stmcufinder/plugins/mcufinder
2023-05-04 21:35:52,623 [INFO] DbMcusAds:124 - Set database path to: /home/nikita/.stmcufinder/plugins/mcufinder//mcu/
2023-05-04 21:35:52,623 [WARN] DbFile:40 - Overriding database path with different value: /home/nikita/.stmcufinder/plugins/mcufinder/ => /home/nikita/.stmcufinder/plugins/mcufinder
2023-05-04 21:35:52,623 [WARN] DbFile:40 - Overriding database path with different value: /home/nikita/.stmcufinder/plugins/mcufinder/ => /home/nikita/.stmcufinder/plugins/mcufinder
2023-05-04 21:35:52,623 [INFO] CrossReferenceDbSqlite:202 - Set database path to: /home/nikita/.stmcufinder/plugins/mcufinder//mcu/cs/
2023-05-04 21:35:52,630 [INFO] ApplicationProperties:181 - Using Application install path: /opt/st/stm32cubeide_1.11.2/plugins/com.st.stm32cube.common.mx_6.7.0.202301130839
2023-05-04 21:35:52,631 [INFO] PluginManage:193 - Search for loadable plugins [exclusion list=, ]
2023-05-04 21:35:52,632 [INFO] PluginManage:307 - Check plugin analytics
2023-05-04 21:35:52,687 [INFO] AnalyticsPlugin:262 - Accepted Software Licenses: STM32CubeMX.6.7.0
2023-05-04 21:35:52,687 [INFO] AnalyticsPlugin:264 - Accepted CMSIS Pack Licenses: 
2023-05-04 21:35:52,688 [INFO] AnalyticsPlugin:266 - Accepted Firmware Licenses: 
2023-05-04 21:35:52,690 [INFO] PluginManage:356 - Loaded plugin analytics (category:tool,tabindex:-1)
2023-05-04 21:35:52,690 [INFO] PluginManage:307 - Check plugin cadmodel
2023-05-04 21:35:52,728 [INFO] CADModel:104 - Init CAD model plugin
2023-05-04 21:35:52,729 [INFO] PluginManage:356 - Loaded plugin cadmodel (category:power,tabindex:5)
2023-05-04 21:35:52,729 [INFO] PluginManage:307 - Check plugin clock
2023-05-04 21:35:52,733 [INFO] PluginManage:356 - Loaded plugin clock (category:base,tabindex:2)
2023-05-04 21:35:52,733 [INFO] PluginManage:307 - Check plugin ddr
2023-05-04 21:35:52,734 [INFO] PluginManage:356 - Loaded plugin ddr (category:tool,tabindex:6)
2023-05-04 21:35:52,735 [INFO] PluginManage:307 - Check plugin filemanager
2023-05-04 21:35:52,799 [INFO] PluginManage:356 - Loaded plugin filemanager (category:base,tabindex:10)
2023-05-04 21:35:52,799 [INFO] PluginManage:307 - Check plugin ipmanager
2023-05-04 21:35:52,802 [INFO] PluginManage:356 - Loaded plugin ipmanager (category:base,tabindex:5)
2023-05-04 21:35:52,802 [INFO] PluginManage:307 - Check plugin lpbam
2023-05-04 21:35:52,806 [INFO] PluginManage:356 - Loaded plugin lpbam (category:base,tabindex:0)
2023-05-04 21:35:52,806 [INFO] PluginManage:307 - Check plugin pinoutandconfiguration
2023-05-04 21:35:52,810 [INFO] PluginManage:356 - Loaded plugin pinoutandconfiguration (category:base,tabindex:1)
2023-05-04 21:35:52,810 [INFO] PluginManage:307 - Check plugin pinoutconfig
2023-05-04 21:35:52,823 [INFO] PluginManage:356 - Loaded plugin pinoutconfig (category:base,tabindex:0)
2023-05-04 21:35:52,823 [INFO] PluginManage:307 - Check plugin power
2023-05-04 21:35:52,828 [INFO] PluginManage:356 - Loaded plugin power (category:power,tabindex:4)
2023-05-04 21:35:52,828 [INFO] PluginManage:307 - Check plugin projectmanager
2023-05-04 21:35:52,834 [INFO] PluginManage:356 - Loaded plugin projectmanager (category:projectmanager,tabindex:3)
2023-05-04 21:35:52,834 [INFO] PluginManage:307 - Check plugin thirdparty
2023-05-04 21:35:52,904 [WARN] IntegrityCheckThread:82 - waiting for thirdparty lock release [integrity check]
2023-05-04 21:35:52,905 [INFO] PluginManage:356 - Loaded plugin thirdparty (category:base,tabindex:-1)
2023-05-04 21:35:52,905 [INFO] IntegrityCheckThread:84 - entering critical section [integrity check]
2023-05-04 21:35:52,905 [INFO] PluginManage:307 - Check plugin tools
2023-05-04 21:35:52,906 [INFO] ThirdPartyUpdaterWithRetryManager:70 - Updater plugin not ready yet. [1/15]
2023-05-04 21:35:52,906 [INFO] PluginManage:356 - Loaded plugin tools (category:base,tabindex:7)
2023-05-04 21:35:52,906 [INFO] PluginManage:307 - Check plugin tutovideos
2023-05-04 21:35:52,992 [INFO] PluginManage:356 - Loaded plugin tutovideos (category:base,tabindex:-1)
2023-05-04 21:35:52,993 [INFO] PluginManage:307 - Check plugin updater
2023-05-04 21:35:52,999 [INFO] PluginManage:356 - Loaded plugin updater (category:base,tabindex:12)
2023-05-04 21:35:53,000 [INFO] PluginManage:280 - PluginManage : Loaded plugins [15]
2023-05-04 21:35:53,095 [INFO] PinOutPanel:1477 - setPackage(No Configuration,No Configuration)
2023-05-04 21:35:53,119 [INFO] CADModel:164 - CPN selected for project level
2023-05-04 21:35:53,120 [INFO] CADModel:113 - Register for checkConnection events
2023-05-04 21:35:53,127 [INFO] IPUIPlugin:79 - create IPUIPlugin
2023-05-04 21:35:53,128 [INFO] PluginManager:219 - loadIPPluginJar : add freertos
2023-05-04 21:35:53,132 [INFO] IPUIPlugin:79 - create IPUIPlugin
2023-05-04 21:35:53,132 [INFO] PluginManager:219 - loadIPPluginJar : add mdma
2023-05-04 21:35:53,133 [INFO] IPUIPlugin:79 - create IPUIPlugin
2023-05-04 21:35:53,133 [INFO] PluginManager:219 - loadIPPluginJar : add ucpd
2023-05-04 21:35:53,137 [INFO] IPUIPlugin:79 - create IPUIPlugin
2023-05-04 21:35:53,137 [INFO] PluginManager:219 - loadIPPluginJar : add linkedlist
2023-05-04 21:35:53,138 [INFO] IPUIPlugin:79 - create IPUIPlugin
2023-05-04 21:35:53,138 [INFO] PluginManager:219 - loadIPPluginJar : add comp
2023-05-04 21:35:53,139 [INFO] IPUIPlugin:79 - create IPUIPlugin
2023-05-04 21:35:53,139 [INFO] PluginManager:219 - loadIPPluginJar : add dma3
2023-05-04 21:35:53,139 [INFO] IPUIPlugin:79 - create IPUIPlugin
2023-05-04 21:35:53,140 [INFO] PluginManager:219 - loadIPPluginJar : add fatfs
2023-05-04 21:35:53,142 [INFO] IPUIPlugin:79 - create IPUIPlugin
2023-05-04 21:35:53,143 [INFO] PluginManager:219 - loadIPPluginJar : add i2s
2023-05-04 21:35:53,145 [INFO] IPUIPlugin:79 - create IPUIPlugin
2023-05-04 21:35:53,145 [INFO] PluginManager:219 - loadIPPluginJar : add gpio
2023-05-04 21:35:53,146 [INFO] IPUIPlugin:79 - create IPUIPlugin
2023-05-04 21:35:53,146 [INFO] PluginManager:219 - loadIPPluginJar : add quadspi
2023-05-04 21:35:53,147 [INFO] IPUIPlugin:79 - create IPUIPlugin
2023-05-04 21:35:53,147 [INFO] PluginManager:219 - loadIPPluginJar : add pdm2pcm
2023-05-04 21:35:53,148 [INFO] IPUIPlugin:79 - create IPUIPlugin
2023-05-04 21:35:53,148 [INFO] PluginManager:219 - loadIPPluginJar : add i2c
2023-05-04 21:35:53,150 [INFO] IPUIPlugin:79 - create IPUIPlugin
2023-05-04 21:35:53,150 [INFO] PluginManager:219 - loadIPPluginJar : add nvic
2023-05-04 21:35:53,151 [INFO] IPUIPlugin:79 - create IPUIPlugin
2023-05-04 21:35:53,151 [INFO] PluginManager:219 - loadIPPluginJar : add tim
2023-05-04 21:35:53,152 [INFO] IPUIPlugin:79 - create IPUIPlugin
2023-05-04 21:35:53,152 [INFO] PluginManager:219 - loadIPPluginJar : add gfxmmu
2023-05-04 21:35:53,155 [INFO] IPUIPlugin:79 - create IPUIPlugin
2023-05-04 21:35:53,155 [INFO] PluginManager:219 - loadIPPluginJar : add gic
2023-05-04 21:35:53,156 [INFO] IPUIPlugin:79 - create IPUIPlugin
2023-05-04 21:35:53,156 [INFO] PluginManager:219 - loadIPPluginJar : add can
2023-05-04 21:35:53,157 [INFO] IPUIPlugin:79 - create IPUIPlugin
2023-05-04 21:35:53,157 [INFO] PluginManager:219 - loadIPPluginJar : add dfsdm
2023-05-04 21:35:53,158 [INFO] IPUIPlugin:79 - create IPUIPlugin
2023-05-04 21:35:53,158 [INFO] PluginManager:219 - loadIPPluginJar : add ts
2023-05-04 21:35:53,159 [INFO] IPUIPlugin:79 - create IPUIPlugin
2023-05-04 21:35:53,159 [INFO] PluginManager:219 - loadIPPluginJar : add openamp
2023-05-04 21:35:53,160 [INFO] IPUIPlugin:79 - create IPUIPlugin
2023-05-04 21:35:53,160 [INFO] PluginManager:219 - loadIPPluginJar : add aes
2023-05-04 21:35:53,161 [INFO] IPUIPlugin:79 - create IPUIPlugin
2023-05-04 21:35:53,161 [INFO] PluginManager:219 - loadIPPluginJar : add lorawan
2023-05-04 21:35:53,165 [INFO] IPUIPlugin:79 - create IPUIPlugin
2023-05-04 21:35:53,165 [INFO] PluginManager:219 - loadIPPluginJar : add adc
2023-05-04 21:35:53,166 [INFO] IPUIPlugin:79 - create IPUIPlugin
2023-05-04 21:35:53,166 [INFO] PluginManager:219 - loadIPPluginJar : add hash
2023-05-04 21:35:53,167 [INFO] IPUIPlugin:79 - create IPUIPlugin
2023-05-04 21:35:53,167 [INFO] PluginManager:219 - loadIPPluginJar : add spi
2023-05-04 21:35:53,168 [INFO] IPUIPlugin:79 - create IPUIPlugin
2023-05-04 21:35:53,168 [INFO] PluginManager:219 - loadIPPluginJar : add gtzc
2023-05-04 21:35:53,169 [INFO] IPUIPlugin:79 - create IPUIPlugin
2023-05-04 21:35:53,169 [INFO] PluginManager:219 - loadIPPluginJar : add sai
2023-05-04 21:35:53,171 [INFO] IPUIPlugin:79 - create IPUIPlugin
2023-05-04 21:35:53,172 [INFO] PluginManager:219 - loadIPPluginJar : add stm32_wpan
2023-05-04 21:35:53,174 [INFO] IPUIPlugin:79 - create IPUIPlugin
2023-05-04 21:35:53,175 [INFO] PluginManager:219 - loadIPPluginJar : add dma
2023-05-04 21:35:53,178 [INFO] IPUIPlugin:79 - create IPUIPlugin
2023-05-04 21:35:53,179 [INFO] PluginManager:219 - loadIPPluginJar : add plateformsettings
2023-05-04 21:35:53,180 [INFO] IPUIPlugin:79 - create IPUIPlugin
2023-05-04 21:35:53,180 [INFO] PluginManager:219 - loadIPPluginJar : add cryp
2023-05-04 21:35:53,181 [INFO] IPUIPlugin:79 - create IPUIPlugin
2023-05-04 21:35:53,181 [INFO] PluginManager:219 - loadIPPluginJar : add tracer_emb
2023-05-04 21:35:53,182 [INFO] IPUIPlugin:79 - create IPUIPlugin
2023-05-04 21:35:53,182 [INFO] PluginManager:219 - loadIPPluginJar : add usart
2023-05-04 21:35:53,183 [INFO] IPUIPlugin:79 - create IPUIPlugin
2023-05-04 21:35:53,183 [INFO] PluginManager:219 - loadIPPluginJar : add ltdc
2023-05-04 21:35:53,184 [INFO] IPUIPlugin:79 - create IPUIPlugin
2023-05-04 21:35:53,184 [INFO] PluginManager:219 - loadIPPluginJar : add touchsensing
2023-05-04 21:35:53,185 [INFO] IPUIPlugin:79 - create IPUIPlugin
2023-05-04 21:35:53,185 [INFO] PluginManager:219 - loadIPPluginJar : add genericplugin
2023-05-04 21:35:53,187 [INFO] IPUIPlugin:79 - create IPUIPlugin
2023-05-04 21:35:53,187 [INFO] PluginManager:219 - loadIPPluginJar : add ipddr
2023-05-04 21:35:53,188 [INFO] IPUIPlugin:79 - create IPUIPlugin
2023-05-04 21:35:53,188 [INFO] PluginManager:219 - loadIPPluginJar : add opamp
2023-05-04 21:35:53,190 [INFO] IPUIPlugin:79 - create IPUIPlugin
2023-05-04 21:35:53,190 [INFO] PluginManager:219 - loadIPPluginJar : add resmgrutility
2023-05-04 21:35:53,191 [INFO] IPUIPlugin:79 - create IPUIPlugin
2023-05-04 21:35:53,191 [INFO] PluginManager:219 - loadIPPluginJar : add usbx
2023-05-04 21:35:53,193 [INFO] IPUIPlugin:79 - create IPUIPlugin
2023-05-04 21:35:53,193 [INFO] PluginManager:219 - loadIPPluginJar : add fmc
2023-05-04 21:35:53,193 [INFO] IPUIPlugin:79 - create IPUIPlugin
2023-05-04 21:35:53,193 [INFO] PluginManager:219 - loadIPPluginJar : add tsc
2023-05-04 21:35:53,281 [INFO] CADModel:164 - CPN selected for project level
2023-05-04 21:35:53,282 [INFO] CADModel:113 - Register for checkConnection events
2023-05-04 21:35:53,282 [FATAL] Updater:308 - Updater called before beeing initialized
2023-05-04 21:35:53,282 [ERROR] CADModel:124 - Updater not yet initialized, retry later 
2023-05-04 21:35:53,342 [INFO] CADModel:164 - CPN selected for project level
2023-05-04 21:35:53,343 [INFO] CADModel:113 - Register for checkConnection events
2023-05-04 21:35:53,343 [FATAL] Updater:308 - Updater called before beeing initialized
2023-05-04 21:35:53,343 [ERROR] CADModel:124 - Updater not yet initialized, retry later 
2023-05-04 21:35:53,344 [FATAL] Updater:308 - Updater called before beeing initialized
2023-05-04 21:35:53,375 [FATAL] Updater:308 - Updater called before beeing initialized
2023-05-04 21:35:53,378 [INFO] DbMcusAds:52 - JSON generation date=Tue Feb 21 17:58:20 MSK 2023 (1676991500156)
2023-05-04 21:35:53,378 [FATAL] Updater:308 - Updater called before beeing initialized
2023-05-04 21:35:53,395 [WARN] DetailPanel:344 - Failed to get advertising image, set to default
2023-05-04 21:35:53,446 [FATAL] Updater:308 - Updater called before beeing initialized
2023-05-04 21:35:53,447 [FATAL] Updater:308 - Updater called before beeing initialized
2023-05-04 21:35:53,447 [FATAL] Updater:308 - Updater called before beeing initialized
2023-05-04 21:35:53,447 [WARN] DetailPanel:344 - Failed to get advertising image, set to default
2023-05-04 21:35:53,447 [FATAL] Updater:308 - Updater called before beeing initialized
2023-05-04 21:35:53,461 [ERROR] Updater:1120 - MainUpdater not yet initialized. External WinMGr cannot be set.
2023-05-04 21:35:53,462 [INFO] Updater:1056 - Updater Version found : 6.7.0
2023-05-04 21:35:53,472 [INFO] ApplicationProperties:181 - Using Application install path: /opt/st/stm32cubeide_1.11.2/plugins/com.st.stm32cube.common.mx_6.7.0.202301130839
2023-05-04 21:35:53,548 [INFO] MainUpdater:2800 - connection check result : 10
2023-05-04 21:35:53,548 [INFO] MainUpdater:3494 - Updater definition file requires update
2023-05-04 21:35:53,549 [INFO] MainUpdater:282 - Updater Check For Update Now.
2023-05-04 21:35:53,549 [INFO] MicroXplorer:481 - Change Database Version : DB.6.0.70
2023-05-04 21:35:53,556 [INFO] ServerAccessManage:474 - Download File updaters.zip
2023-05-04 21:35:53,574 [INFO] FileExtend:239 - Unzip File : updaters.zip
2023-05-04 21:35:53,574 [INFO] FileExtend:254 - Standard Zip Deflate
2023-05-04 21:35:53,642 [INFO] ServerAccessManage:474 - Download File PacksControlFlags.xml
2023-05-04 21:35:53,668 [INFO] ServerAccessManage:474 - Download File cubemx.pidx
2023-05-04 21:35:53,785 [INFO] ServerAccessManage:474 - Download File STMicroelectronics.FP-ATR-ASTRA1.pdsc
2023-05-04 21:35:54,005 [INFO] ServerAccessManage:474 - Download File STMicroelectronics.FP-SNS-FLIGHT1.pdsc
2023-05-04 21:35:54,103 [INFO] ServerAccessManage:474 - Download File STMicroelectronics.FP-SNS-MOTENV1.pdsc
2023-05-04 21:35:54,336 [INFO] ServerAccessManage:474 - Download File STMicroelectronics.X-CUBE-MEMS1.pdsc
2023-05-04 21:35:55,512 [INFO] ServerAccessManage:474 - Download File STMicroelectronics.X-CUBE-AZRTOS-G4.pdsc
2023-05-04 21:35:55,659 [WARN] PackLoader:242 - Cannot read IP mode file for STMicroelectronics.FP-ATR-ASTRA1.2.0.0
2023-05-04 21:35:55,662 [WARN] PackLoader:242 - Cannot read IP mode file for STMicroelectronics.FP-SNS-FLIGHT1.5.0.0
2023-05-04 21:35:55,664 [ERROR] RealEvaluatedCondition:430 - Found unsupported composite condition: GROUP='STM32_MetaDataManager' CLASS='Data Exchange'
2023-05-04 21:35:55,664 [ERROR] RealEvaluatedCondition:430 - Found unsupported composite condition: CLASS='Data Exchange' GROUP='STM32_MetaDataManager'
2023-05-04 21:35:55,664 [WARN] PackLoader:242 - Cannot read IP mode file for STMicroelectronics.FP-SNS-MOTENV1.4.3.0
2023-05-04 21:35:55,691 [WARN] PackLoader:242 - Cannot read IP mode file for STMicroelectronics.X-CUBE-MEMS1.9.6.0
2023-05-04 21:35:55,753 [WARN] PackLoader:242 - Cannot read IP mode file for STMicroelectronics.X-CUBE-AZRTOS-G4.2.0.0
2023-05-04 21:35:55,755 [INFO] PopulateThirdPartyThread:64 - Ending populate Thread
2023-05-04 21:35:55,756 [INFO] ThirdParty:999 - CMSIS Pack Vendor :STMicroelectronics FP-ATR-ASTRA1 2.0.0
2023-05-04 21:35:55,756 [INFO] ThirdParty:999 - CMSIS Pack Vendor :STMicroelectronics FP-SNS-MOTENV1 4.3.0
2023-05-04 21:35:55,756 [INFO] ThirdParty:999 - CMSIS Pack Vendor :STMicroelectronics FP-SNS-FLIGHT1 5.0.0
2023-05-04 21:35:55,757 [INFO] ThirdParty:999 - CMSIS Pack Vendor :STMicroelectronics X-CUBE-AZRTOS-G4 2.0.0
2023-05-04 21:35:55,757 [INFO] ThirdParty:999 - CMSIS Pack Vendor :STMicroelectronics X-CUBE-MEMS1 9.6.0
2023-05-04 21:35:55,757 [INFO] LoadServerUpdatesThread:367 - End of LoadServerUpdate Thread
2023-05-04 21:35:55,765 [INFO] CheckServerUpdateThread:119 - End of CheckServer Thread
2023-05-04 21:35:55,954 [INFO] MainUpdater:2800 - connection check result : 10
2023-05-04 21:35:55,955 [INFO] McuFinderGlobals:65 - Set McuFinderConnectedMode to true
2023-05-04 21:35:55,967 [WARN] PackLoader:242 - Cannot read IP mode file for STMicroelectronics.X-CUBE-GNSS1.6.0.0
2023-05-04 21:35:55,975 [WARN] PackLoader:242 - Cannot read IP mode file for STMicroelectronics.X-CUBE-AZRTOS-F4.1.1.0
2023-05-04 21:35:55,979 [WARN] PackLoader:242 - Cannot read IP mode file for STMicroelectronics.X-CUBE-SMBUS.2.1.0
2023-05-04 21:35:55,993 [WARN] PackLoader:242 - Cannot read IP mode file for STMicroelectronics.X-CUBE-AZRTOS-F7.1.1.0
2023-05-04 21:35:56,033 [WARN] PackLoader:242 - Cannot read IP mode file for STMicroelectronics.X-CUBE-MEMS1.9.6.0
2023-05-04 21:35:56,079 [ERROR] RealEvaluatedCondition:430 - Found unsupported composite condition: GROUP='STM32_MetaDataManager' CLASS='Data Exchange'
2023-05-04 21:35:56,079 [ERROR] RealEvaluatedCondition:430 - Found unsupported composite condition: CLASS='Data Exchange' GROUP='STM32_MetaDataManager'
2023-05-04 21:35:56,080 [WARN] PackLoader:242 - Cannot read IP mode file for STMicroelectronics.FP-SNS-MOTENV1.4.3.0
2023-05-04 21:35:56,081 [INFO] ServerAccessManage:474 - Download File mcusAds.json._tmp_
2023-05-04 21:35:56,083 [WARN] PackLoader:242 - Cannot read IP mode file for STMicroelectronics.FP-SNS-FLIGHT1.5.0.0
2023-05-04 21:35:56,087 [WARN] PackLoader:242 - Cannot read IP mode file for STMicroelectronics.X-CUBE-BLE1.6.2.4
2023-05-04 21:35:56,092 [WARN] PackLoader:242 - Cannot read IP mode file for emotas.I-CUBE-CANOPEN.1.1.3
2023-05-04 21:35:56,096 [WARN] PackLoader:242 - Cannot read IP mode file for STMicroelectronics.X-CUBE-BLEMGR.2.0.0
2023-05-04 21:35:56,103 [WARN] ConditionMgr:437 - getConditionDescription Invalid condition id : UX DEVICE CLASS RTOS Condition cause : null
2023-05-04 21:35:56,103 [WARN] ConditionMgr:437 - getConditionDescription Invalid condition id : UX DEVICE CLASS RTOS Condition cause : null
2023-05-04 21:35:56,104 [WARN] PackLoader:242 - Cannot read IP mode file for STMicroelectronics.X-CUBE-AZRTOS-H7.3.1.0
2023-05-04 21:35:56,105 [WARN] ConditionMgr:1038 - genDependencies : Invalid condition id : UX DEVICE CLASS RTOS Condition cause : null
2023-05-04 21:35:56,105 [WARN] ConditionMgr:1038 - genDependencies : Invalid condition id : UX DEVICE CLASS RTOS Condition cause : null
2023-05-04 21:35:56,105 [WARN] ConditionMgr:1038 - genDependencies : Invalid condition id : UX DEVICE CLASS RTOS Condition cause : null
2023-05-04 21:35:56,105 [WARN] ConditionMgr:1038 - genDependencies : Invalid condition id : UX DEVICE CLASS RTOS Condition cause : null
2023-05-04 21:35:56,105 [WARN] ConditionMgr:1038 - genDependencies : Invalid condition id : UX DEVICE CLASS RTOS Condition cause : null
2023-05-04 21:35:56,108 [WARN] PackLoader:242 - Cannot read IP mode file for STMicroelectronics.X-CUBE-DISPLAY.3.0.0
2023-05-04 21:35:56,110 [WARN] PackLoader:242 - Cannot read IP mode file for wolfSSL.I-CUBE-wolfSSL.5.5.4
2023-05-04 21:35:56,112 [WARN] PackLoader:242 - Cannot read IP mode file for STMicroelectronics.X-CUBE-NFC7.1.0.0
2023-05-04 21:35:56,115 [WARN] PackLoader:242 - Cannot read IP mode file for STMicroelectronics.X-CUBE-EEPRMA1.4.1.0
2023-05-04 21:35:56,119 [WARN] PackLoader:242 - Cannot read IP mode file for WES.I-CUBE-Cesium.1.3.0
2023-05-04 21:35:56,123 [WARN] PackLoader:242 - Cannot read IP mode file for STMicroelectronics.X-CUBE-SFXS2LP1.4.0.0
2023-05-04 21:35:56,126 [WARN] PackLoader:242 - Cannot read IP mode file for STMicroelectronics.X-CUBE-BLE2.3.3.0
2023-05-04 21:35:56,130 [WARN] PackLoader:242 - Cannot read IP mode file for STMicroelectronics.X-CUBE-TOF1.3.2.0
2023-05-04 21:35:56,138 [WARN] PackLoader:242 - Cannot read IP mode file for STMicroelectronics.X-CUBE-AZRTOS-H7.3.0.0
2023-05-04 21:35:56,140 [WARN] PackLoader:242 - Cannot read IP mode file for STMicroelectronics.X-CUBE-ISPU.1.1.0
2023-05-04 21:35:56,143 [WARN] PackLoader:242 - Cannot read IP mode file for RoweBots.I-CUBE-UNISONRTOS.5.5.0-4
2023-05-04 21:35:56,148 [WARN] PackLoader:242 - Cannot read IP mode file for STMicroelectronics.X-CUBE-AI.8.0.0
2023-05-04 21:35:56,150 [WARN] PackLoader:242 - Cannot read IP mode file for STMicroelectronics.X-CUBE-FREERTOS.1.0.1
2023-05-04 21:35:56,151 [WARN] PackLoader:242 - Cannot read IP mode file for STMicroelectronics.X-CUBE-TOUCHGFX.4.21.1
2023-05-04 21:35:56,152 [WARN] PackLoader:242 - Cannot read IP mode file for STMicroelectronics.X-CUBE-TOUCHGFX.4.21.3
2023-05-04 21:35:56,154 [WARN] PackLoader:242 - Cannot read IP mode file for STMicroelectronics.X-CUBE-ALGOBUILD.1.3.0
2023-05-04 21:35:56,158 [WARN] PackLoader:242 - Cannot read IP mode file for STMicroelectronics.X-CUBE-AZRTOS-L5.1.1.0
2023-05-04 21:35:56,164 [WARN] PackLoader:242 - Cannot read IP mode file for STMicroelectronics.X-CUBE-AZRTOS-G0.1.1.0
2023-05-04 21:35:56,167 [WARN] PackLoader:242 - Cannot read IP mode file for STMicroelectronics.X-CUBE-SUBG2.5.0.0
2023-05-04 21:35:56,172 [WARN] PackLoader:242 - Cannot read IP mode file for STMicroelectronics.X-CUBE-NFC4.3.0.0
2023-05-04 21:35:56,178 [WARN] PackLoader:242 - Cannot read IP mode file for STMicroelectronics.X-CUBE-AZRTOS-G4.2.0.0
2023-05-04 21:35:56,183 [WARN] PackLoader:242 - Cannot read IP mode file for STMicroelectronics.X-CUBE-TOF1.3.3.0
2023-05-04 21:35:56,186 [WARN] PackLoader:242 - Cannot read IP mode file for STMicroelectronics.FP-ATR-ASTRA1.1.1.1
2023-05-04 21:35:56,187 [INFO] LoadUrlFilesThread:150 - End of LoadUrlFiles Thread
2023-05-04 21:35:56,190 [WARN] PackLoader:242 - Cannot read IP mode file for STMicroelectronics.X-CUBE-AZRTOS-G4.1.0.0
2023-05-04 21:35:56,191 [WARN] PackLoader:242 - Cannot read IP mode file for STMicroelectronics.FP-ATR-SIGFOX1.3.2.0
2023-05-04 21:35:56,196 [WARN] PackLoader:242 - Cannot read IP mode file for STMicroelectronics.X-CUBE-AZRTOS-L4.1.0.0
2023-05-04 21:35:56,200 [WARN] PackLoader:242 - Cannot read IP mode file for STMicroelectronics.X-CUBE-AZRTOS-WL.1.0.0
2023-05-04 21:35:56,203 [WARN] PackLoader:242 - Cannot read IP mode file for portGmbH.I-Cube-SoM-uGOAL.1.1.0
2023-05-04 21:35:56,205 [WARN] PackLoader:242 - Cannot read IP mode file for STMicroelectronics.X-CUBE-ALS.1.0.1
2023-05-04 21:35:56,205 [INFO] ServerAccessManage:474 - Download File cube-finder-db.zip
2023-05-04 21:35:56,218 [WARN] PackLoader:242 - Cannot read IP mode file for STMicroelectronics.X-CUBE-MEMS1.9.5.0
2023-05-04 21:35:56,264 [WARN] PackLoader:242 - Cannot read IP mode file for STMicroelectronics.X-CUBE-AZRTOS-WB.1.1.0
2023-05-04 21:35:56,282 [WARN] PackLoader:242 - Cannot read IP mode file for SEGGER.I-CUBE-embOS.1.3.1
2023-05-04 21:35:56,297 [WARN] PackLoader:242 - Cannot read IP mode file for STMicroelectronics.FP-ATR-ASTRA1.2.0.0
2023-05-04 21:35:56,297 [INFO] ThirdParty:947 - Integrity check success = true
2023-05-04 21:35:56,297 [INFO] IntegrityCheckThread:98 - exiting critical section [integrity check]
2023-05-04 21:35:56,297 [INFO] IntegrityCheckThread:101 - End integrity checks thread
2023-05-04 21:36:00,788 [INFO] FileExtend:239 - Unzip File : cube-finder-db.zip
2023-05-04 21:36:00,788 [INFO] FileExtend:254 - Standard Zip Deflate
2023-05-04 21:36:01,188 [INFO] LoadUrlFilesThread:150 - End of LoadUrlFiles Thread
2023-05-04 21:36:01,405 [INFO] ServerAccessManage:474 - Download File crdb.zip
2023-05-04 21:36:01,653 [INFO] FileExtend:239 - Unzip File : crdb.zip
2023-05-04 21:36:01,654 [INFO] FileExtend:254 - Standard Zip Deflate
2023-05-04 21:36:01,770 [INFO] LoadUrlFilesThread:150 - End of LoadUrlFiles Thread
2023-05-04 21:36:01,801 [INFO] ServerAccessManage:474 - Download File tutoVideoDB.zip
2023-05-04 21:36:01,807 [INFO] FileExtend:239 - Unzip File : tutoVideoDB.zip
2023-05-04 21:36:01,808 [INFO] FileExtend:254 - Standard Zip Deflate
2023-05-04 21:36:01,916 [INFO] LoadUrlFilesThread:150 - End of LoadUrlFiles Thread
2023-05-04 21:36:01,933 [INFO] JxBrowserEngine:114 - Initiate JxBrowser Engine with user profile folder
2023-05-04 21:36:02,457 [WARN] DbFile:40 - Overriding database path with different value: /home/nikita/.stmcufinder/plugins/mcufinder/ => /home/nikita/.stmcufinder/plugins/mcufinder
2023-05-04 21:36:02,461 [INFO] ServerAccessManage:474 - Download File api_config.json
2023-05-04 21:36:02,570 [INFO] LoadUrlFilesThread:150 - End of LoadUrlFiles Thread
2023-05-04 21:36:02,571 [INFO] DbMcusAds:52 - JSON generation date=Tue Mar 07 11:50:54 MSK 2023 (1678179054783)
2023-05-04 21:36:02,677 [INFO] ServerAccessManage:474 - Download File 
2023-05-04 21:36:02,698 [INFO] LoadUrlFilesThread:179 - End of LoadServerUrlFiles without Thread
2023-05-04 21:36:02,699 [INFO] TargetSelectorAdapter:258 - Refresh data is successful
2023-05-04 21:36:02,752 [INFO] ApiDb:580 - Connected to CubeFinder SQLite database (/home/nikita/.stmcufinder/plugins/mcufinder/mcu/cube-finder-db.db)
2023-05-04 21:36:02,771 [INFO] ApiDb:667 - CubeFinder database Data Model version=2.1
2023-05-04 21:36:02,771 [INFO] ApiDb:668 - CubeFinder database Configuration version=3.0.35
2023-05-04 21:36:02,771 [INFO] ApiDb:669 - CubeFinder database generation date=2023-04-03 (1680511692)
2023-05-04 21:36:02,771 [INFO] ApiDb:670 - CubeFinder database FW Pack versions=[FP-ATR-ASTRA1_V2.0.0, STM32Cube_FW_C0_V1.0.1, STM32Cube_FW_F0_V1.11.4, STM32Cube_FW_F3_V1.11.4, STM32Cube_FW_F4_V1.27.1, STM32Cube_FW_F7_V1.17.0, STM32Cube_FW_G0_V1.6.1, STM32Cube_FW_G4_V1.5.1, STM32Cube_FW_H5_V0.5.1, STM32Cube_FW_H5_V1.0.0, STM32Cube_FW_H7_V1.11.0, STM32Cube_FW_L0_V1.12.2, STM32Cube_FW_L5_V1.5.0, STM32Cube_FW_U5_V1.2.0, STM32Cube_FW_WBA_V1.0.0, STM32Cube_FW_WBA_V1.0.0RC1, STM32Cube_FW_WBA_V1.0.0RC3, STM32Cube_FW_WB_V1.15.0RC1, STM32Cube_FW_WB_V1.16.0, STM32Cube_FW_WB_V1.16.0RC2, STM32Cube_FW_WL_V1.3.0, X-CUBE-ALGOBUILD_V1.3.0, X-CUBE-ALS_V1.0.1, X-CUBE-AZRTOS-F4_V1.1.0, X-CUBE-AZRTOS-F7_V1.1.0, X-CUBE-AZRTOS-G0_V1.1.0, X-CUBE-AZRTOS-G4_V1.0.0, X-CUBE-AZRTOS-H7_V3.0.0, X-CUBE-AZRTOS-L4_V1.0.0, X-CUBE-AZRTOS-L5_V1.1.0, X-CUBE-AZRTOS-WB_V1.1.0, X-CUBE-AZRTOS-WL_V1.0.0, X-CUBE-BLE1_V6.2.4, X-CUBE-BLE2_V3.3.0, X-CUBE-BLEMGR_V1.3.0, X-CUBE-EEPRMA1_V4.1.0, X-CUBE-FREERTOS_V1.0.1, X-CUBE-GNSS1_V6.0.0, X-CUBE-MEMS1_V9.1.0, X-CUBE-MEMS1_V9.4.0, X-CUBE-MEMS1_V9.5.0, X-CUBE-NFC4_V3.0.0, X-CUBE-NFC7_V1.0.0, X-CUBE-SFXS2LP1_V4.0.0, X-CUBE-SUBG2_V5.0.0]
2023-05-04 21:36:03,603 [INFO] ApiDb:239 - Found 143 in-development CPN: [B-WB1M-WPAN1, B-WL5M-SUBG1, NUCLEO-C031C6, STEVAL-PROTEUS1, STEVAL-STWINBX1, STM320518-EVAL, STM32C0116-DK, STM32C011D6Y3TR, STM32C011D6Y6TR, STM32C011F4P3, STM32C011F4P6, STM32C011F4U3, STM32C011F4U6TR, STM32C011F6P3, STM32C011F6P6, STM32C011F6U3, STM32C011F6U6TR, STM32C011J4M3, STM32C011J4M6, STM32C011J6M3, STM32C011J6M6, STM32C0316-DK, STM32C031C4T3, STM32C031C4T6, STM32C031C4U3, STM32C031C4U6, STM32C031C6T3, STM32C031C6T6, STM32C031C6U3, STM32C031C6U6, STM32C031F4P3, STM32C031F4P6, STM32C031F6P3, STM32C031F6P6, STM32C031G4U3, STM32C031G4U6, STM32C031G6U3, STM32C031G6U6, STM32C031K4T3, STM32C031K4T6, STM32C031K4U3, STM32C031K4U6, STM32C031K6T3, STM32C031K6T6, STM32C031K6U3, STM32C031K6U6, STM32G071K8TXN, STM32G071K8UXN, STM32G081GBU6N, STM32G081KBT6N, STM32G081KBUXN, STM32G0B1CCT6N, STM32G0B1KCT6, STM32G0B1NEY6TR, STM32G0B1RCT6N, STM32G0C1CCT6, STM32G0C1CCT6N, STM32G0C1CCU6N, STM32G0C1CET6N, STM32G0C1CEU6N, STM32G0C1KCT6, STM32G0C1NEY6TR, STM32G0C1RCI6N, STM32G0C1RCT6N, STM32G0C1REI6N, STM32G0C1RET6N, STM32G0C1VCI6, STM32G0C1VEI6, STM32G471CCT6, STM32G471CCU6, STM32G471CET3, STM32G471CET6, STM32G471CEU3, STM32G471CEU6, STM32G471MCT6, STM32G471MET3, STM32G471MET6, STM32G471MEY6TR, STM32G471QCT6, STM32G471QET3, STM32G471RCT6, STM32G471RET3, STM32G471RET6, STM32G471VCH6, STM32G471VCI6, STM32G471VCT6, STM32G471VEH3, STM32G471VEH6, STM32G471VEI3, STM32G471VEI6, STM32G471VET3, STM32G471VET6, STM32G474CCT6, STM32L476VGY6PTR, STM32L4R5QGI6STR, STM32MP131AAE3, STM32MP131AAF3, STM32MP131AAG3, STM32MP131CAE3, STM32MP131CAF3, STM32MP131CAG3, STM32MP131DAE7, STM32MP131DAF7, STM32MP131DAG7, STM32MP131FAE7, STM32MP131FAF7, STM32MP131FAG7, STM32MP133AAE3, STM32MP133AAF3, STM32MP133AAG3, STM32MP133CAE3, STM32MP133CAF3, STM32MP133CAG3, STM32MP133DAE7, STM32MP133DAF7, STM32MP133DAG7, STM32MP133FAE7, STM32MP133FAF7, STM32MP133FAG7, STM32MP135AAE3, STM32MP135AAF3, STM32MP135AAG3, STM32MP135CAE3, STM32MP135CAF3, STM32MP135CAG3, STM32MP135DAE7, STM32MP135DAF7, STM32MP135DAG7, STM32MP135F-DK, STM32MP135FAE7, STM32MP135FAF7, STM32MP135FAF7T, STM32MP135FAF7U, STM32MP135FAG7, STM32U595ZJT6Q, STM32U599BJY6QTR, STM32U599NIH6Q, STM32U599NJH6Q, STM32U5A5ZJT6Q, STM32U5A9BJY6QTR, STM32U5A9NJH6Q, STM32WB1MMCH6, STM32WL5MOCH6TR]
2023-05-04 21:36:03,605 [INFO] DbMcus:215 - Found 3680 MCUs, 3680 are supported
2023-05-04 21:36:03,612 [INFO] ApiDb:422 - Load user favorites file /home/nikita/.stm32cubeide/favorites.mcus.txt: 0 item(s)
2023-05-04 21:36:03,612 [INFO] ApiDb:426 - User favorites MCUs=[]
2023-05-04 21:36:03,612 [INFO] DbMcus:221 - Set 0 / 0 favorites MCUs
2023-05-04 21:36:03,735 [INFO] ApiDb:667 - CubeFinder database Data Model version=2.1
2023-05-04 21:36:03,735 [INFO] ApiDb:668 - CubeFinder database Configuration version=3.0.35
2023-05-04 21:36:03,735 [INFO] ApiDb:669 - CubeFinder database generation date=2023-04-03 (1680511692)
2023-05-04 21:36:03,735 [INFO] ApiDb:670 - CubeFinder database FW Pack versions=[FP-ATR-ASTRA1_V2.0.0, STM32Cube_FW_C0_V1.0.1, STM32Cube_FW_F0_V1.11.4, STM32Cube_FW_F3_V1.11.4, STM32Cube_FW_F4_V1.27.1, STM32Cube_FW_F7_V1.17.0, STM32Cube_FW_G0_V1.6.1, STM32Cube_FW_G4_V1.5.1, STM32Cube_FW_H5_V0.5.1, STM32Cube_FW_H5_V1.0.0, STM32Cube_FW_H7_V1.11.0, STM32Cube_FW_L0_V1.12.2, STM32Cube_FW_L5_V1.5.0, STM32Cube_FW_U5_V1.2.0, STM32Cube_FW_WBA_V1.0.0, STM32Cube_FW_WBA_V1.0.0RC1, STM32Cube_FW_WBA_V1.0.0RC3, STM32Cube_FW_WB_V1.15.0RC1, STM32Cube_FW_WB_V1.16.0, STM32Cube_FW_WB_V1.16.0RC2, STM32Cube_FW_WL_V1.3.0, X-CUBE-ALGOBUILD_V1.3.0, X-CUBE-ALS_V1.0.1, X-CUBE-AZRTOS-F4_V1.1.0, X-CUBE-AZRTOS-F7_V1.1.0, X-CUBE-AZRTOS-G0_V1.1.0, X-CUBE-AZRTOS-G4_V1.0.0, X-CUBE-AZRTOS-H7_V3.0.0, X-CUBE-AZRTOS-L4_V1.0.0, X-CUBE-AZRTOS-L5_V1.1.0, X-CUBE-AZRTOS-WB_V1.1.0, X-CUBE-AZRTOS-WL_V1.0.0, X-CUBE-BLE1_V6.2.4, X-CUBE-BLE2_V3.3.0, X-CUBE-BLEMGR_V1.3.0, X-CUBE-EEPRMA1_V4.1.0, X-CUBE-FREERTOS_V1.0.1, X-CUBE-GNSS1_V6.0.0, X-CUBE-MEMS1_V9.1.0, X-CUBE-MEMS1_V9.4.0, X-CUBE-MEMS1_V9.5.0, X-CUBE-NFC4_V3.0.0, X-CUBE-NFC7_V1.0.0, X-CUBE-SFXS2LP1_V4.0.0, X-CUBE-SUBG2_V5.0.0]
2023-05-04 21:36:03,757 [INFO] DbBoardsSqlite:225 - include board P-NUCLEO-WB55-NUCLEO as a kit item of type 'Nucleo-64'
2023-05-04 21:36:03,757 [INFO] DbBoardsSqlite:225 - include board P-NUCLEO-WB55-USBDONGLE as a kit item of type 'Nucleo USB Dongle'
2023-05-04 21:36:03,757 [INFO] DbBoardsSqlite:225 - include board STEVAL-IDP005V1 as a kit item of type 'Evaluation Board'
2023-05-04 21:36:03,757 [INFO] DbBoardsSqlite:225 - include board STEVAL-IDP005V2 as a kit item of type 'Evaluation Board'
2023-05-04 21:36:03,770 [INFO] ApiDb:239 - Found 143 in-development CPN: [B-WB1M-WPAN1, B-WL5M-SUBG1, NUCLEO-C031C6, STEVAL-PROTEUS1, STEVAL-STWINBX1, STM320518-EVAL, STM32C0116-DK, STM32C011D6Y3TR, STM32C011D6Y6TR, STM32C011F4P3, STM32C011F4P6, STM32C011F4U3, STM32C011F4U6TR, STM32C011F6P3, STM32C011F6P6, STM32C011F6U3, STM32C011F6U6TR, STM32C011J4M3, STM32C011J4M6, STM32C011J6M3, STM32C011J6M6, STM32C0316-DK, STM32C031C4T3, STM32C031C4T6, STM32C031C4U3, STM32C031C4U6, STM32C031C6T3, STM32C031C6T6, STM32C031C6U3, STM32C031C6U6, STM32C031F4P3, STM32C031F4P6, STM32C031F6P3, STM32C031F6P6, STM32C031G4U3, STM32C031G4U6, STM32C031G6U3, STM32C031G6U6, STM32C031K4T3, STM32C031K4T6, STM32C031K4U3, STM32C031K4U6, STM32C031K6T3, STM32C031K6T6, STM32C031K6U3, STM32C031K6U6, STM32G071K8TXN, STM32G071K8UXN, STM32G081GBU6N, STM32G081KBT6N, STM32G081KBUXN, STM32G0B1CCT6N, STM32G0B1KCT6, STM32G0B1NEY6TR, STM32G0B1RCT6N, STM32G0C1CCT6, STM32G0C1CCT6N, STM32G0C1CCU6N, STM32G0C1CET6N, STM32G0C1CEU6N, STM32G0C1KCT6, STM32G0C1NEY6TR, STM32G0C1RCI6N, STM32G0C1RCT6N, STM32G0C1REI6N, STM32G0C1RET6N, STM32G0C1VCI6, STM32G0C1VEI6, STM32G471CCT6, STM32G471CCU6, STM32G471CET3, STM32G471CET6, STM32G471CEU3, STM32G471CEU6, STM32G471MCT6, STM32G471MET3, STM32G471MET6, STM32G471MEY6TR, STM32G471QCT6, STM32G471QET3, STM32G471RCT6, STM32G471RET3, STM32G471RET6, STM32G471VCH6, STM32G471VCI6, STM32G471VCT6, STM32G471VEH3, STM32G471VEH6, STM32G471VEI3, STM32G471VEI6, STM32G471VET3, STM32G471VET6, STM32G474CCT6, STM32L476VGY6PTR, STM32L4R5QGI6STR, STM32MP131AAE3, STM32MP131AAF3, STM32MP131AAG3, STM32MP131CAE3, STM32MP131CAF3, STM32MP131CAG3, STM32MP131DAE7, STM32MP131DAF7, STM32MP131DAG7, STM32MP131FAE7, STM32MP131FAF7, STM32MP131FAG7, STM32MP133AAE3, STM32MP133AAF3, STM32MP133AAG3, STM32MP133CAE3, STM32MP133CAF3, STM32MP133CAG3, STM32MP133DAE7, STM32MP133DAF7, STM32MP133DAG7, STM32MP133FAE7, STM32MP133FAF7, STM32MP133FAG7, STM32MP135AAE3, STM32MP135AAF3, STM32MP135AAG3, STM32MP135CAE3, STM32MP135CAF3, STM32MP135CAG3, STM32MP135DAE7, STM32MP135DAF7, STM32MP135DAG7, STM32MP135F-DK, STM32MP135FAE7, STM32MP135FAF7, STM32MP135FAF7T, STM32MP135FAF7U, STM32MP135FAG7, STM32U595ZJT6Q, STM32U599BJY6QTR, STM32U599NIH6Q, STM32U599NJH6Q, STM32U5A5ZJT6Q, STM32U5A9BJY6QTR, STM32U5A9NJH6Q, STM32WB1MMCH6, STM32WL5MOCH6TR]
2023-05-04 21:36:03,813 [INFO] BoardInfo:879 - No configuration file found for board P-NUCLEO-WB55
2023-05-04 21:36:03,813 [INFO] DbBoards:156 - Kit is not supported: P-NUCLEO-WB55
2023-05-04 21:36:03,814 [INFO] BoardInfo:879 - No configuration file found for board STEVAL-BFA001V1B
2023-05-04 21:36:03,814 [INFO] DbBoards:156 - Kit is not supported: STEVAL-BFA001V1B
2023-05-04 21:36:03,815 [INFO] BoardInfo:879 - No configuration file found for board STEVAL-BFA001V2B
2023-05-04 21:36:03,815 [INFO] DbBoards:156 - Kit is not supported: STEVAL-BFA001V2B
2023-05-04 21:36:03,850 [INFO] DbBoards:160 - Found 179 boards, 176 are supported
2023-05-04 21:36:03,852 [INFO] ApiDb:413 - User favorites file not found: /home/nikita/.stm32cubeide/favorites.boards.txt
2023-05-04 21:36:03,852 [INFO] DbBoards:189 - Set 0 / 0 favorites Boards
2023-05-04 21:36:03,854 [INFO] ApiDb:667 - CubeFinder database Data Model version=2.1
2023-05-04 21:36:03,854 [INFO] ApiDb:668 - CubeFinder database Configuration version=3.0.35
2023-05-04 21:36:03,854 [INFO] ApiDb:669 - CubeFinder database generation date=2023-04-03 (1680511692)
2023-05-04 21:36:03,854 [INFO] ApiDb:670 - CubeFinder database FW Pack versions=[FP-ATR-ASTRA1_V2.0.0, STM32Cube_FW_C0_V1.0.1, STM32Cube_FW_F0_V1.11.4, STM32Cube_FW_F3_V1.11.4, STM32Cube_FW_F4_V1.27.1, STM32Cube_FW_F7_V1.17.0, STM32Cube_FW_G0_V1.6.1, STM32Cube_FW_G4_V1.5.1, STM32Cube_FW_H5_V0.5.1, STM32Cube_FW_H5_V1.0.0, STM32Cube_FW_H7_V1.11.0, STM32Cube_FW_L0_V1.12.2, STM32Cube_FW_L5_V1.5.0, STM32Cube_FW_U5_V1.2.0, STM32Cube_FW_WBA_V1.0.0, STM32Cube_FW_WBA_V1.0.0RC1, STM32Cube_FW_WBA_V1.0.0RC3, STM32Cube_FW_WB_V1.15.0RC1, STM32Cube_FW_WB_V1.16.0, STM32Cube_FW_WB_V1.16.0RC2, STM32Cube_FW_WL_V1.3.0, X-CUBE-ALGOBUILD_V1.3.0, X-CUBE-ALS_V1.0.1, X-CUBE-AZRTOS-F4_V1.1.0, X-CUBE-AZRTOS-F7_V1.1.0, X-CUBE-AZRTOS-G0_V1.1.0, X-CUBE-AZRTOS-G4_V1.0.0, X-CUBE-AZRTOS-H7_V3.0.0, X-CUBE-AZRTOS-L4_V1.0.0, X-CUBE-AZRTOS-L5_V1.1.0, X-CUBE-AZRTOS-WB_V1.1.0, X-CUBE-AZRTOS-WL_V1.0.0, X-CUBE-BLE1_V6.2.4, X-CUBE-BLE2_V3.3.0, X-CUBE-BLEMGR_V1.3.0, X-CUBE-EEPRMA1_V4.1.0, X-CUBE-FREERTOS_V1.0.1, X-CUBE-GNSS1_V6.0.0, X-CUBE-MEMS1_V9.1.0, X-CUBE-MEMS1_V9.4.0, X-CUBE-MEMS1_V9.5.0, X-CUBE-NFC4_V3.0.0, X-CUBE-NFC7_V1.0.0, X-CUBE-SFXS2LP1_V4.0.0, X-CUBE-SUBG2_V5.0.0]
2023-05-04 21:36:04,192 [INFO] DbExamplesSqlite:375 - Ignored 46 examples not supported by CubeIDE
2023-05-04 21:36:04,193 [INFO] DbExamplesSqlite:376 - Found 7336 examples active
2023-05-04 21:36:04,193 [INFO] DbExamplesSqlite:377 - Found 1095 examples obsolete
2023-05-04 21:36:04,193 [INFO] DbExamplesSqlite:378 - Found 0 examples under development
2023-05-04 21:36:04,193 [INFO] DbExamplesSqlite:379 - Found 77 examples not building
2023-05-04 21:36:04,194 [INFO] DbExamples:124 - Found 7367 examples
2023-05-04 21:36:04,234 [ERROR] DbExamples:207 - Found 502 examples with invalid data (board or MCU)
2023-05-04 21:36:04,234 [INFO] DbExamples:221 - Found 85 boards with related examples
2023-05-04 21:36:04,234 [INFO] DbExamples:234 - Found 76 MCUs with related examples
2023-05-04 21:36:04,242 [INFO] ApiDb:413 - User favorites file not found: /home/nikita/.stm32cubeide/favorites.examples.txt
2023-05-04 21:36:04,242 [INFO] DbExamples:249 - Set 0 / 0 favorites Examples
2023-05-04 21:36:04,310 [INFO] McuFinderGlobals:65 - Set McuFinderConnectedMode to true
2023-05-04 21:36:04,314 [INFO] MultiScanPanel:196 - Auto-refresh data requested => check proxy status ongoing
2023-05-04 21:36:04,315 [INFO] FinderPluginLoader:92 - Searching for filters in installed packs
2023-05-04 21:36:04,789 [INFO] LoadUrlFilesThread:179 - End of LoadServerUrlFiles without Thread
2023-05-04 21:36:04,807 [INFO] DetailPanel:339 - Set advertising image to /home/nikita/STM32Cube/Repository//en.prom-stm32h5-mcu-finder.jpg
2023-05-04 21:36:08,260 [ERROR] LogOutputStream:74 - [STDERR_REDIRECT] SLF4J: Failed to load class "org.slf4j.impl.StaticLoggerBinder".
2023-05-04 21:36:08,261 [ERROR] LogOutputStream:74 - [STDERR_REDIRECT] SLF4J: Defaulting to no-operation (NOP) logger implementation
2023-05-04 21:36:08,261 [ERROR] LogOutputStream:74 - [STDERR_REDIRECT] SLF4J: See http://www.slf4j.org/codes.html#StaticLoggerBinder for further details.
2023-05-04 21:40:07,550 [INFO] MainUpdater:2800 - connection check result : 10
2023-05-04 21:40:07,550 [INFO] MainUpdater:2800 - connection check result : 10
2023-05-04 21:40:07,562 [INFO] MicroXplorer:451 - Change Database Path : 
2023-05-04 21:40:07,562 [INFO] MicroXplorer:481 - Change Database Version : DB.6.0.70
2023-05-04 21:40:07,562 [WARN] ThirdParty:845 - waiting for thirdparty lock release [close project]
2023-05-04 21:40:07,563 [INFO] ThirdParty:847 - entering critical section [close project]
2023-05-04 21:40:07,563 [INFO] ThirdParty:857 - exiting critical section [close project]
2023-05-04 21:40:07,564 [INFO] PinOutPanel:1477 - setPackage(No Configuration,No Configuration)
2023-05-04 21:40:07,566 [INFO] UtilMem:74 - Begin LoadConfig() Used Memory: 459693936 Bytes (517996544)
2023-05-04 21:40:07,566 [INFO] MicroXplorer:451 - Change Database Path : 
2023-05-04 21:40:07,566 [INFO] MicroXplorer:481 - Change Database Version : DB.6.0.70
2023-05-04 21:40:07,566 [INFO] OpenFileManager:307 - Change cursor
2023-05-04 21:40:07,581 [INFO] Mcu:1925 - Initializing MCU STM32F100RBTx STM32F100RBTx 
2023-05-04 21:40:07,582 [INFO] Mcu:1938 - No CPN specified => set CPN to STM32F100RBT6B
2023-05-04 21:40:07,914 [INFO] Context:654 - Trying to add GPIOservice into a context  which must be forbidden
2023-05-04 21:40:08,041 [INFO] ImportTextPane:193 - (OptionalMessage_ERROR) Unable to find key (Mcu.ThirdPartyNb) in loaded IOC file
2023-05-04 21:40:08,042 [INFO] ImportTextPane:193 - (OptionalMessage_ERROR) Unable to find key (Mcu.PinsNb) in loaded IOC file
2023-05-04 21:40:08,042 [INFO] ImportTextPane:193 - (OptionalMessage_ERROR) Unable to find key (Mcu.IPNb) in loaded IOC file
2023-05-04 21:40:08,135 [INFO] RtosManager:489 - Registered RTOS mode: class=CMSIS, group=RTOS, mode=CMSIS_V1, owner=FREERTOS
2023-05-04 21:40:08,135 [INFO] RtosManager:489 - Registered RTOS mode: class=CMSIS, group=RTOS2, mode=CMSIS_V2, owner=FREERTOS
2023-05-04 21:40:08,135 [INFO] RtosManager:489 - Registered RTOS mode: class=RTOS, group=Core, mode=CMSIS_V1, owner=FREERTOS
2023-05-04 21:40:08,135 [INFO] RtosManager:489 - Registered RTOS mode: class=RTOS, group=Core, mode=CMSIS_V2, owner=FREERTOS
2023-05-04 21:40:08,136 [WARN] ModelIntegratedComponent:185 - Missing modes for component STMicroelectronics:FreeRTOS:0.0.1:STMicroelectronics:RTOS:FreeRTOS:Core:::10.2.0:
2023-05-04 21:40:08,144 [WARN] ModelIntegratedComponent:64 - No mode defined for component null
2023-05-04 21:40:08,145 [WARN] ModelIntegratedComponent:64 - No mode defined for component null
2023-05-04 21:40:08,145 [WARN] ModelIntegratedComponent:64 - No mode defined for component null
2023-05-04 21:40:08,145 [WARN] ModelIntegratedComponent:64 - No mode defined for component null
2023-05-04 21:40:08,145 [WARN] ModelIntegratedComponent:64 - No mode defined for component null
2023-05-04 21:40:08,145 [WARN] ModelIntegratedComponent:64 - No mode defined for component null
2023-05-04 21:40:08,145 [WARN] ModelIntegratedComponent:64 - No mode defined for component null
2023-05-04 21:40:08,145 [WARN] ModelIntegratedComponent:64 - No mode defined for component null
2023-05-04 21:40:08,145 [WARN] ModelIntegratedComponent:64 - No mode defined for component null
2023-05-04 21:40:08,145 [WARN] ModelIntegratedComponent:64 - No mode defined for component null
2023-05-04 21:40:08,145 [WARN] ModelIntegratedComponent:64 - No mode defined for component null
2023-05-04 21:40:08,145 [WARN] ModelIntegratedComponent:64 - No mode defined for component null
2023-05-04 21:40:08,145 [WARN] ModelIntegratedComponent:64 - No mode defined for component null
2023-05-04 21:40:08,145 [WARN] ModelIntegratedComponent:64 - No mode defined for component null
2023-05-04 21:40:08,145 [WARN] ModelIntegratedComponent:64 - No mode defined for component null
2023-05-04 21:40:08,145 [WARN] ModelIntegratedComponent:64 - No mode defined for component null
2023-05-04 21:40:08,145 [WARN] ModelIntegratedComponent:64 - No mode defined for component null
2023-05-04 21:40:08,145 [WARN] ModelIntegratedComponent:64 - No mode defined for component null
2023-05-04 21:40:08,145 [WARN] ModelIntegratedComponent:64 - No mode defined for component null
2023-05-04 21:40:08,145 [WARN] ModelIntegratedComponent:64 - No mode defined for component null
2023-05-04 21:40:08,145 [WARN] ModelIntegratedComponent:64 - No mode defined for component null
2023-05-04 21:40:08,145 [WARN] ModelIntegratedComponent:64 - No mode defined for component null
2023-05-04 21:40:08,145 [WARN] ModelIntegratedComponent:64 - No mode defined for component null
2023-05-04 21:40:08,145 [WARN] ModelIntegratedComponent:64 - No mode defined for component null
2023-05-04 21:40:08,145 [WARN] ModelIntegratedComponent:64 - No mode defined for component null
2023-05-04 21:40:08,145 [WARN] ModelIntegratedComponent:64 - No mode defined for component null
2023-05-04 21:40:08,145 [WARN] ModelIntegratedComponent:64 - No mode defined for component null
2023-05-04 21:40:08,145 [WARN] ModelIntegratedComponent:64 - No mode defined for component null
2023-05-04 21:40:08,145 [WARN] ModelIntegratedComponent:64 - No mode defined for component null
2023-05-04 21:40:08,145 [WARN] ModelIntegratedComponent:64 - No mode defined for component null
2023-05-04 21:40:08,145 [WARN] ModelIntegratedComponent:64 - No mode defined for component null
2023-05-04 21:40:08,145 [WARN] ModelIntegratedComponent:64 - No mode defined for component null
2023-05-04 21:40:08,145 [WARN] ModelIntegratedComponent:64 - No mode defined for component null
2023-05-04 21:40:08,195 [INFO] ThirdPartyModel:294 - Start build external matchings
2023-05-04 21:40:08,465 [INFO] ThirdPartyModel:310 - End build external matchings
2023-05-04 21:40:08,555 [INFO] UtilMem:74 - End LoadConfig() Used Memory: 506310464 Bytes (608174080)
2023-05-04 21:40:08,568 [WARN] ThirdParty:807 - waiting for thirdparty lock release [change project]
2023-05-04 21:40:08,568 [INFO] ThirdParty:809 - entering critical section [change project]
2023-05-04 21:40:08,568 [INFO] ThirdParty:999 - CMSIS Pack Vendor :STMicroelectronics X-CUBE-ISPU 1.1.0
2023-05-04 21:40:08,568 [INFO] ThirdParty:999 - CMSIS Pack Vendor :RoweBots I-CUBE-UNISONRTOS 5.5.0-4
2023-05-04 21:40:08,568 [INFO] ThirdParty:999 - CMSIS Pack Vendor :STMicroelectronics X-CUBE-GNSS1 6.0.0
2023-05-04 21:40:08,568 [INFO] ThirdParty:999 - CMSIS Pack Vendor :STMicroelectronics USB_HOST 2.0.0
2023-05-04 21:40:08,568 [INFO] ThirdParty:999 - CMSIS Pack Vendor :STMicroelectronics X-CUBE-AZRTOS-F4 1.1.0
2023-05-04 21:40:08,568 [INFO] ThirdParty:999 - CMSIS Pack Vendor :STMicroelectronics LIBJPEG 8.0.0
2023-05-04 21:40:08,568 [INFO] ThirdParty:999 - CMSIS Pack Vendor :STMicroelectronics X-CUBE-SMBUS 2.1.0
2023-05-04 21:40:08,568 [INFO] ThirdParty:999 - CMSIS Pack Vendor :STMicroelectronics USB_DEVICE 3.0.0
2023-05-04 21:40:08,568 [INFO] ThirdParty:999 - CMSIS Pack Vendor :STMicroelectronics X-CUBE-AI 8.0.0
2023-05-04 21:40:08,568 [INFO] ThirdParty:999 - CMSIS Pack Vendor :STMicroelectronics X-CUBE-FREERTOS 1.0.1
2023-05-04 21:40:08,568 [INFO] ThirdParty:999 - CMSIS Pack Vendor :STMicroelectronics X-CUBE-TOUCHGFX 4.21.1
2023-05-04 21:40:08,568 [INFO] ThirdParty:999 - CMSIS Pack Vendor :STMicroelectronics X-CUBE-TOUCHGFX 4.21.3
2023-05-04 21:40:08,568 [INFO] ThirdParty:999 - CMSIS Pack Vendor :STMicroelectronics X-CUBE-AZRTOS-F7 1.1.0
2023-05-04 21:40:08,569 [INFO] ThirdParty:999 - CMSIS Pack Vendor :STMicroelectronics USB_DEVICE 2.0.0
2023-05-04 21:40:08,569 [INFO] ThirdParty:999 - CMSIS Pack Vendor :STMicroelectronics X-CUBE-MEMS1 9.6.0
2023-05-04 21:40:08,569 [INFO] ThirdParty:999 - CMSIS Pack Vendor :STMicroelectronics FP-SNS-MOTENV1 4.3.0
2023-05-04 21:40:08,569 [INFO] ThirdParty:999 - CMSIS Pack Vendor :STMicroelectronics FP-SNS-FLIGHT1 5.0.0
2023-05-04 21:40:08,569 [INFO] ThirdParty:999 - CMSIS Pack Vendor :STMicroelectronics X-CUBE-ALGOBUILD 1.3.0
2023-05-04 21:40:08,569 [INFO] ThirdParty:999 - CMSIS Pack Vendor :STMicroelectronics X-CUBE-BLE1 6.2.4
2023-05-04 21:40:08,569 [INFO] ThirdParty:999 - CMSIS Pack Vendor :STMicroelectronics X-CUBE-AZRTOS-L5 1.1.0
2023-05-04 21:40:08,569 [INFO] ThirdParty:999 - CMSIS Pack Vendor :STMicroelectronics FreeRTOS 0.0.1
2023-05-04 21:40:08,569 [INFO] ThirdParty:999 - CMSIS Pack Vendor :emotas I-CUBE-CANOPEN 1.1.3
2023-05-04 21:40:08,569 [INFO] ThirdParty:999 - CMSIS Pack Vendor :STMicroelectronics X-CUBE-AZRTOS-G0 1.1.0
2023-05-04 21:40:08,569 [INFO] ThirdParty:999 - CMSIS Pack Vendor :STMicroelectronics X-CUBE-BLEMGR 2.0.0
2023-05-04 21:40:08,569 [INFO] ThirdParty:999 - CMSIS Pack Vendor :STMicroelectronics X-CUBE-SUBG2 5.0.0
2023-05-04 21:40:08,569 [INFO] ThirdParty:999 - CMSIS Pack Vendor :STMicroelectronics X-CUBE-NFC4 3.0.0
2023-05-04 21:40:08,569 [INFO] ThirdParty:999 - CMSIS Pack Vendor :STMicroelectronics STM32_WPAN 1.0.0
2023-05-04 21:40:08,569 [INFO] ThirdParty:999 - CMSIS Pack Vendor :STMicroelectronics lwIP 2.0.3
2023-05-04 21:40:08,569 [INFO] ThirdParty:999 - CMSIS Pack Vendor :STMicroelectronics USB_HOST 1.0.0
2023-05-04 21:40:08,569 [INFO] ThirdParty:999 - CMSIS Pack Vendor :STMicroelectronics X-CUBE-AZRTOS-G4 2.0.0
2023-05-04 21:40:08,569 [INFO] ThirdParty:999 - CMSIS Pack Vendor :STMicroelectronics PDM2PCM 3.1.0
2023-05-04 21:40:08,569 [INFO] ThirdParty:999 - CMSIS Pack Vendor :STMicroelectronics X-CUBE-AZRTOS-H7 3.1.0
2023-05-04 21:40:08,569 [INFO] ThirdParty:999 - CMSIS Pack Vendor :STMicroelectronics X-CUBE-TOF1 3.3.0
2023-05-04 21:40:08,569 [INFO] ThirdParty:999 - CMSIS Pack Vendor :STMicroelectronics FP-ATR-ASTRA1 1.1.1
2023-05-04 21:40:08,569 [INFO] ThirdParty:999 - CMSIS Pack Vendor :STMicroelectronics PDM2PCM 3.3.0
2023-05-04 21:40:08,569 [INFO] ThirdParty:999 - CMSIS Pack Vendor :STMicroelectronics X-CUBE-DISPLAY 3.0.0
2023-05-04 21:40:08,569 [INFO] ThirdParty:999 - CMSIS Pack Vendor :STMicroelectronics X-CUBE-AZRTOS-G4 1.0.0
2023-05-04 21:40:08,569 [INFO] ThirdParty:999 - CMSIS Pack Vendor :STMicroelectronics FP-ATR-SIGFOX1 3.2.0
2023-05-04 21:40:08,569 [INFO] ThirdParty:999 - CMSIS Pack Vendor :wolfSSL I-CUBE-wolfSSL 5.5.4
2023-05-04 21:40:08,569 [INFO] ThirdParty:999 - CMSIS Pack Vendor :STMicroelectronics X-CUBE-AZRTOS-L4 1.0.0
2023-05-04 21:40:08,569 [INFO] ThirdParty:999 - CMSIS Pack Vendor :STMicroelectronics HAL Drivers 0.0.0
2023-05-04 21:40:08,569 [INFO] ThirdParty:999 - CMSIS Pack Vendor :STMicroelectronics MBEDTLS 2.16.2
2023-05-04 21:40:08,569 [INFO] ThirdParty:999 - CMSIS Pack Vendor :STMicroelectronics MBEDTLS 2.14.1
2023-05-04 21:40:08,569 [INFO] ThirdParty:999 - CMSIS Pack Vendor :STMicroelectronics X-CUBE-NFC7 1.0.0
2023-05-04 21:40:08,569 [INFO] ThirdParty:999 - CMSIS Pack Vendor :STMicroelectronics X-CUBE-AZRTOS-WL 1.0.0
2023-05-04 21:40:08,569 [INFO] ThirdParty:999 - CMSIS Pack Vendor :STMicroelectronics X-CUBE-EEPRMA1 4.1.0
2023-05-04 21:40:08,569 [INFO] ThirdParty:999 - CMSIS Pack Vendor :portGmbH I-Cube-SoM-uGOAL 1.1.0
2023-05-04 21:40:08,569 [INFO] ThirdParty:999 - CMSIS Pack Vendor :STMicroelectronics X-CUBE-ALS 1.0.1
2023-05-04 21:40:08,569 [INFO] ThirdParty:999 - CMSIS Pack Vendor :STMicroelectronics X-CUBE-MEMS1 9.5.0
2023-05-04 21:40:08,569 [INFO] ThirdParty:999 - CMSIS Pack Vendor :STMicroelectronics ThreadX 1.0.0
2023-05-04 21:40:08,569 [INFO] ThirdParty:999 - CMSIS Pack Vendor :STMicroelectronics X-CUBE-AZRTOS-WB 1.1.0
2023-05-04 21:40:08,569 [INFO] ThirdParty:999 - CMSIS Pack Vendor :SEGGER I-CUBE-embOS 1.3.1
2023-05-04 21:40:08,569 [INFO] ThirdParty:999 - CMSIS Pack Vendor :STMicroelectronics USB_DEVICE 1.0.0
2023-05-04 21:40:08,569 [INFO] ThirdParty:999 - CMSIS Pack Vendor :STMicroelectronics ThreadX 0.0.2
2023-05-04 21:40:08,569 [INFO] ThirdParty:999 - CMSIS Pack Vendor :WES I-CUBE-Cesium 1.3.0
2023-05-04 21:40:08,569 [INFO] ThirdParty:999 - CMSIS Pack Vendor :STMicroelectronics FP-ATR-ASTRA1 2.0.0
2023-05-04 21:40:08,569 [INFO] ThirdParty:999 - CMSIS Pack Vendor :STMicroelectronics lwIP 2.1.2
2023-05-04 21:40:08,569 [INFO] ThirdParty:999 - CMSIS Pack Vendor :STMicroelectronics X-CUBE-SFXS2LP1 4.0.0
2023-05-04 21:40:08,569 [INFO] ThirdParty:999 - CMSIS Pack Vendor :STMicroelectronics X-CUBE-BLE2 3.3.0
2023-05-04 21:40:08,569 [INFO] ThirdParty:999 - CMSIS Pack Vendor :STMicroelectronics X-CUBE-TOF1 3.2.0
2023-05-04 21:40:08,569 [INFO] ThirdParty:999 - CMSIS Pack Vendor :STMicroelectronics PDM2PCM 3.2.0
2023-05-04 21:40:08,569 [INFO] ThirdParty:999 - CMSIS Pack Vendor :STMicroelectronics X-CUBE-AZRTOS-H7 3.0.0
2023-05-04 21:40:08,569 [INFO] ThirdParty:815 - exiting critical section [change project]
2023-05-04 21:40:08,709 [INFO] PinOutPanel:1477 - setPackage(No Configuration,No Configuration)
2023-05-04 21:40:08,709 [INFO] PinOutPanel:1477 - setPackage(STM32F100RBTx,LQFP64)
2023-05-04 21:40:08,869 [INFO] UtilMem:74 - Before build in PCC Used Memory: 502933832 Bytes (628097024)
2023-05-04 21:40:09,192 [INFO] UtilMem:74 - After build in PCC Used Memory: 500881200 Bytes (628097024)
2023-05-04 21:40:09,203 [INFO] IPUIPlugin:79 - create IPUIPlugin
2023-05-04 21:40:09,203 [INFO] IPUIPlugin:79 - create IPUIPlugin
2023-05-04 21:40:09,203 [INFO] IPUIPlugin:79 - create IPUIPlugin
2023-05-04 21:40:09,203 [INFO] IPUIPlugin:79 - create IPUIPlugin
2023-05-04 21:40:09,203 [INFO] IPUIPlugin:79 - create IPUIPlugin
2023-05-04 21:40:09,203 [INFO] IPUIPlugin:79 - create IPUIPlugin
2023-05-04 21:40:09,203 [INFO] IPUIPlugin:79 - create IPUIPlugin
2023-05-04 21:40:09,203 [INFO] IPUIPlugin:79 - create IPUIPlugin
2023-05-04 21:40:09,204 [INFO] IPUIPlugin:79 - create IPUIPlugin
2023-05-04 21:40:09,204 [INFO] IPUIPlugin:79 - create IPUIPlugin
2023-05-04 21:40:09,204 [INFO] IPUIPlugin:79 - create IPUIPlugin
2023-05-04 21:40:09,204 [INFO] IPUIPlugin:79 - create IPUIPlugin
2023-05-04 21:40:09,204 [INFO] IPUIPlugin:79 - create IPUIPlugin
2023-05-04 21:40:09,204 [INFO] IPUIPlugin:79 - create IPUIPlugin
2023-05-04 21:40:09,204 [INFO] IPUIPlugin:79 - create IPUIPlugin
2023-05-04 21:40:09,204 [INFO] IPUIPlugin:79 - create IPUIPlugin
2023-05-04 21:40:09,204 [INFO] IPUIPlugin:79 - create IPUIPlugin
2023-05-04 21:40:09,204 [INFO] IPUIPlugin:79 - create IPUIPlugin
2023-05-04 21:40:09,204 [INFO] IPUIPlugin:79 - create IPUIPlugin
2023-05-04 21:40:09,204 [INFO] IPUIPlugin:79 - create IPUIPlugin
2023-05-04 21:40:09,204 [INFO] IPUIPlugin:79 - create IPUIPlugin
2023-05-04 21:40:09,205 [INFO] IPUIPlugin:79 - create IPUIPlugin
2023-05-04 21:40:09,205 [INFO] IPUIPlugin:79 - create IPUIPlugin
2023-05-04 21:40:09,205 [INFO] IPUIPlugin:79 - create IPUIPlugin
2023-05-04 21:40:09,205 [INFO] IPUIPlugin:79 - create IPUIPlugin
2023-05-04 21:40:09,205 [INFO] IPUIPlugin:79 - create IPUIPlugin
2023-05-04 21:40:09,205 [INFO] IPUIPlugin:79 - create IPUIPlugin
2023-05-04 21:40:09,205 [INFO] IPUIPlugin:79 - create IPUIPlugin
2023-05-04 21:40:09,205 [INFO] IPUIPlugin:79 - create IPUIPlugin
2023-05-04 21:40:09,205 [INFO] IPUIPlugin:79 - create IPUIPlugin
2023-05-04 21:40:09,308 [INFO] CADModel:164 - CPN selected for project levelSTM32F100RBT6B
2023-05-04 21:40:09,308 [INFO] CADModel:113 - Register for checkConnection events
2023-05-04 21:40:09,344 [INFO] OpenFileManager:327 - Restore cursor
2023-05-04 21:40:09,539 [INFO] UtilMem:74 - End SaveConfig() Used Memory: 526582712 Bytes (628097024)
2023-05-04 21:40:09,551 [INFO] UtilMem:74 - End SaveConfig() Used Memory: 538522016 Bytes (628097024)
2023-05-04 21:40:09,852 [INFO] BlockDiagram:2759 - set Specific Code input for plugin: NVIC
2023-05-04 21:40:09,852 [INFO] BlockDiagram:2759 - set Specific Code input for plugin: RCC
2023-05-04 21:40:09,853 [INFO] CodeGenerator:692 - code generatio: config db path: /opt/st/stm32cubeide_1.11.2/plugins/com.st.stm32cube.common.mx_6.7.0.202301130839//db/
2023-05-04 21:40:10,022 [INFO] CodeEngine:247 - oldGeneratedFile, /home/nikita/Documents/Quadrocopter/Quadrocopter/MXTmpFiles/license.tmp_save
2023-05-04 21:40:10,210 [INFO] CodeEngine:271 - Generated code: /home/nikita/Documents/Quadrocopter/Quadrocopter/MXTmpFiles/license.tmp
2023-05-04 21:40:10,214 [INFO] CodeEngine:247 - oldGeneratedFile, /home/nikita/Documents/Quadrocopter/Quadrocopter/Core/Src/stm32f1xx_it.c_save
2023-05-04 21:40:10,271 [INFO] CodeEngine:271 - Generated code: /home/nikita/Documents/Quadrocopter/Quadrocopter/Core/Src/stm32f1xx_it.c
2023-05-04 21:40:10,272 [INFO] CodeEngine:247 - oldGeneratedFile, /home/nikita/Documents/Quadrocopter/Quadrocopter/Core/Inc/stm32f1xx_it.h_save
2023-05-04 21:40:10,317 [INFO] CodeEngine:271 - Generated code: /home/nikita/Documents/Quadrocopter/Quadrocopter/Core/Inc/stm32f1xx_it.h
2023-05-04 21:40:10,373 [INFO] CodeEngine:247 - oldGeneratedFile, /home/nikita/Documents/Quadrocopter/Quadrocopter/Core/Src/stm32f1xx_hal_msp.c_save
2023-05-04 21:40:10,420 [INFO] CodeEngine:271 - Generated code: /home/nikita/Documents/Quadrocopter/Quadrocopter/Core/Src/stm32f1xx_hal_msp.c
2023-05-04 21:40:10,421 [INFO] CodeEngine:247 - oldGeneratedFile, /home/nikita/Documents/Quadrocopter/Quadrocopter/MXTmpFiles/system.tmp_save
2023-05-04 21:40:10,449 [INFO] CodeEngine:271 - Generated code: /home/nikita/Documents/Quadrocopter/Quadrocopter/MXTmpFiles/system.tmp
2023-05-04 21:40:10,451 [INFO] CodeEngine:303 - oldGeneratedFile, /home/nikita/Documents/Quadrocopter/Quadrocopter/Core/Inc/stm32f1xx_hal_conf.h_save
2023-05-04 21:40:10,481 [INFO] CodeEngine:327 - Generated code: /home/nikita/Documents/Quadrocopter/Quadrocopter/Core/Inc/stm32f1xx_hal_conf.h
2023-05-04 21:40:10,491 [INFO] CodeEngine:247 - oldGeneratedFile, /home/nikita/Documents/Quadrocopter/Quadrocopter/Core/Inc/main.h_save
2023-05-04 21:40:10,538 [INFO] CodeEngine:271 - Generated code: /home/nikita/Documents/Quadrocopter/Quadrocopter/Core/Inc/main.h
2023-05-04 21:40:10,539 [INFO] CodeEngine:247 - oldGeneratedFile, /home/nikita/Documents/Quadrocopter/Quadrocopter/Core/Src/main.c_save
2023-05-04 21:40:10,589 [INFO] CodeEngine:271 - Generated code: /home/nikita/Documents/Quadrocopter/Quadrocopter/Core/Src/main.c
2023-05-04 21:40:10,831 [INFO] ProjectBuilder:2919 - Time for Copy HAL[1] : 19mS.
2023-05-04 21:40:10,835 [INFO] ProjectBuilder:4183 - Project Generator version: 3.18.0-B7
2023-05-04 21:40:10,982 [INFO] ConfigFileManager:1396 - The Die is : DIE420
2023-05-04 21:40:10,987 [INFO] ApiDbMcu:505 - Load IP Config File for FATFS
2023-05-04 21:40:10,990 [INFO] ApiDbMcu:505 - Load IP Config File for FREERTOS
2023-05-04 21:40:12,807 [INFO] ProjectBuilder:4351 - Time for Generating toolchain IDE Files: 1972mS.
2023-05-04 21:40:12,808 [INFO] ProjectBuilder:2790 - Time for Copy CMSIS : 0mS.
2023-05-04 21:40:12,808 [INFO] ProjectBuilder:2790 - Time for Copy CMSIS : 0mS.
2023-05-04 21:40:12,857 [ERROR] ConfigurationRetriever:140 - IOException on connection: citools.st.com
2023-05-04 21:40:12,857 [ERROR] ConfigurationRetriever:140 - IOException on connection: citools.st.com
2023-05-04 21:40:12,857 [ERROR] ConfigurationRetriever:140 - IOException on connection: citools.st.com
2023-05-04 21:40:12,897 [INFO] McuFinderGlobals:65 - Set McuFinderConnectedMode to true
2023-05-04 21:40:12,899 [INFO] ApiDb:447 - Save user favorites file /home/nikita/.stm32cubeide/favorites.mcus.txt: 0 item(s)
2023-05-04 21:40:12,899 [INFO] ApiDb:451 - User favorites MCUs=[]
2023-05-04 23:05:18,235 [INFO] NvicIntPanel:100 - NVIC parent = com.st.microxplorer.plugins.ip.nvic.MultiNvicIntPanel[,0,0,0x0,invalid,layout=javax.swing.BoxLayout,alignmentX=0.0,alignmentY=0.0,border=,flags=9,maximumSize=,minimumSize=,preferredSize=]
2023-05-04 23:05:22,954 [INFO] NvicIntPanel:100 - NVIC parent = com.st.microxplorer.plugins.ip.nvic.MultiNvicIntPanel[,0,0,0x0,invalid,layout=javax.swing.BoxLayout,alignmentX=0.0,alignmentY=0.0,border=,flags=9,maximumSize=,minimumSize=,preferredSize=]
2023-05-04 23:06:17,744 [INFO] NvicIntPanel:100 - NVIC parent = com.st.microxplorer.plugins.ip.nvic.MultiNvicIntPanel[,0,0,0x0,invalid,layout=javax.swing.BoxLayout,alignmentX=0.0,alignmentY=0.0,border=,flags=9,maximumSize=,minimumSize=,preferredSize=]
2023-05-04 23:06:30,292 [INFO] NvicIntPanel:100 - NVIC parent = com.st.microxplorer.plugins.ip.nvic.MultiNvicIntPanel[,0,0,0x0,invalid,layout=javax.swing.BoxLayout,alignmentX=0.0,alignmentY=0.0,border=,flags=9,maximumSize=,minimumSize=,preferredSize=]
2023-05-04 23:17:52,876 [INFO] NvicIntPanel:100 - NVIC parent = com.st.microxplorer.plugins.ip.nvic.MultiNvicIntPanel[,0,0,0x0,invalid,layout=javax.swing.BoxLayout,alignmentX=0.0,alignmentY=0.0,border=,flags=9,maximumSize=,minimumSize=,preferredSize=]
2023-05-04 23:17:56,277 [INFO] NvicIntPanel:100 - NVIC parent = com.st.microxplorer.plugins.ip.nvic.MultiNvicIntPanel[,0,0,0x0,invalid,layout=javax.swing.BoxLayout,alignmentX=0.0,alignmentY=0.0,border=,flags=9,maximumSize=,minimumSize=,preferredSize=]
2023-05-04 23:18:23,092 [INFO] UtilMem:74 - End SaveConfig() Used Memory: 253277616 Bytes (858783744)
2023-05-04 23:18:31,198 [INFO] UtilMem:74 - End SaveConfig() Used Memory: 277917104 Bytes (858783744)
2023-05-04 23:18:31,306 [INFO] BlockDiagram:2759 - set Specific Code input for plugin: NVIC
2023-05-04 23:18:31,306 [INFO] BlockDiagram:2759 - set Specific Code input for plugin: TIM1_8F1
2023-05-04 23:18:31,306 [INFO] BlockDiagram:2759 - set Specific Code input for plugin: TIM1_8F1
2023-05-04 23:18:31,306 [INFO] BlockDiagram:2759 - set Specific Code input for plugin: SYS
2023-05-04 23:18:31,306 [INFO] BlockDiagram:2759 - set Specific Code input for plugin: GPIO
2023-05-04 23:18:31,307 [INFO] BlockDiagram:2759 - set Specific Code input for plugin: RCC
2023-05-04 23:18:31,307 [INFO] CodeGenerator:692 - code generatio: config db path: /opt/st/stm32cubeide_1.11.2/plugins/com.st.stm32cube.common.mx_6.7.0.202301130839//db/
2023-05-04 23:18:31,363 [INFO] CodeEngine:247 - oldGeneratedFile, /home/nikita/Documents/Quadrocopter/Quadrocopter/MXTmpFiles/license.tmp_save
2023-05-04 23:18:31,402 [INFO] CodeEngine:271 - Generated code: /home/nikita/Documents/Quadrocopter/Quadrocopter/MXTmpFiles/license.tmp
2023-05-04 23:18:31,421 [INFO] CodeEngine:247 - oldGeneratedFile, /home/nikita/Documents/Quadrocopter/Quadrocopter/MXTmpFiles/gpio.tmp_save
2023-05-04 23:18:31,450 [INFO] CodeEngine:271 - Generated code: /home/nikita/Documents/Quadrocopter/Quadrocopter/MXTmpFiles/gpio.tmp
2023-05-04 23:18:31,483 [INFO] CodeEngine:247 - oldGeneratedFile, /home/nikita/Documents/Quadrocopter/Quadrocopter/Core/Src/stm32f1xx_it.c_save
2023-05-04 23:18:31,551 [INFO] CodeEngine:271 - Generated code: /home/nikita/Documents/Quadrocopter/Quadrocopter/Core/Src/stm32f1xx_it.c
2023-05-04 23:18:31,551 [INFO] CodeEngine:247 - oldGeneratedFile, /home/nikita/Documents/Quadrocopter/Quadrocopter/Core/Inc/stm32f1xx_it.h_save
2023-05-04 23:18:31,577 [INFO] CodeEngine:271 - Generated code: /home/nikita/Documents/Quadrocopter/Quadrocopter/Core/Inc/stm32f1xx_it.h
2023-05-04 23:18:31,578 [INFO] CodeEngine:247 - oldGeneratedFile, /home/nikita/Documents/Quadrocopter/Quadrocopter/Core/Src/stm32f1xx_hal_msp.c_save
2023-05-04 23:18:31,626 [INFO] CodeEngine:271 - Generated code: /home/nikita/Documents/Quadrocopter/Quadrocopter/Core/Src/stm32f1xx_hal_msp.c
2023-05-04 23:18:31,627 [INFO] CodeEngine:247 - oldGeneratedFile, /home/nikita/Documents/Quadrocopter/Quadrocopter/MXTmpFiles/system.tmp_save
2023-05-04 23:18:31,650 [INFO] CodeEngine:271 - Generated code: /home/nikita/Documents/Quadrocopter/Quadrocopter/MXTmpFiles/system.tmp
2023-05-04 23:18:31,651 [INFO] CodeEngine:303 - oldGeneratedFile, /home/nikita/Documents/Quadrocopter/Quadrocopter/Core/Inc/stm32f1xx_hal_conf.h_save
2023-05-04 23:18:31,677 [INFO] CodeEngine:327 - Generated code: /home/nikita/Documents/Quadrocopter/Quadrocopter/Core/Inc/stm32f1xx_hal_conf.h
2023-05-04 23:18:31,681 [WARN] IPConfigManager:3414 - IP not found : TIM
2023-05-04 23:18:31,681 [WARN] CodeGenerator:3583 - IP not found : null
2023-05-04 23:18:31,682 [INFO] CodeEngine:247 - oldGeneratedFile, /home/nikita/Documents/Quadrocopter/Quadrocopter/Core/Inc/main.h_save
2023-05-04 23:18:31,714 [INFO] CodeEngine:271 - Generated code: /home/nikita/Documents/Quadrocopter/Quadrocopter/Core/Inc/main.h
2023-05-04 23:18:31,714 [INFO] CodeEngine:247 - oldGeneratedFile, /home/nikita/Documents/Quadrocopter/Quadrocopter/Core/Src/main.c_save
2023-05-04 23:18:31,775 [INFO] CodeEngine:271 - Generated code: /home/nikita/Documents/Quadrocopter/Quadrocopter/Core/Src/main.c
2023-05-04 23:18:31,951 [INFO] ProjectBuilder:2919 - Time for Copy HAL[1] : 15mS.
2023-05-04 23:18:31,952 [INFO] ProjectBuilder:4183 - Project Generator version: 3.18.0-B7
2023-05-04 23:18:32,038 [INFO] ConfigFileManager:1396 - The Die is : DIE420
2023-05-04 23:18:32,434 [INFO] ProjectBuilder:4351 - Time for Generating toolchain IDE Files: 482mS.
2023-05-04 23:18:32,434 [INFO] ProjectBuilder:2790 - Time for Copy CMSIS : 0mS.
2023-05-04 23:18:32,434 [INFO] ProjectBuilder:2790 - Time for Copy CMSIS : 0mS.
2023-05-04 23:18:32,497 [ERROR] ConfigurationRetriever:140 - IOException on connection: citools.st.com
2023-05-04 23:18:32,498 [ERROR] ConfigurationRetriever:140 - IOException on connection: citools.st.com
2023-05-04 23:18:32,498 [ERROR] ConfigurationRetriever:140 - IOException on connection: citools.st.com
2023-05-04 23:22:43,011 [INFO] UtilMem:74 - End SaveConfig() Used Memory: 304494208 Bytes (858783744)
2023-05-04 23:22:45,421 [INFO] UtilMem:74 - End SaveConfig() Used Memory: 324593912 Bytes (858783744)
2023-05-04 23:22:52,373 [INFO] UtilMem:74 - End SaveConfig() Used Memory: 385071672 Bytes (858783744)
2023-05-04 23:22:52,436 [INFO] BlockDiagram:2759 - set Specific Code input for plugin: NVIC
2023-05-04 23:22:52,436 [INFO] BlockDiagram:2759 - set Specific Code input for plugin: TIM1_8F1
2023-05-04 23:22:52,436 [INFO] BlockDiagram:2759 - set Specific Code input for plugin: TIM1_8F1
2023-05-04 23:22:52,436 [INFO] BlockDiagram:2759 - set Specific Code input for plugin: SYS
2023-05-04 23:22:52,436 [INFO] BlockDiagram:2759 - set Specific Code input for plugin: GPIO
2023-05-04 23:22:52,436 [INFO] BlockDiagram:2759 - set Specific Code input for plugin: RCC
2023-05-04 23:22:52,437 [INFO] CodeGenerator:692 - code generatio: config db path: /opt/st/stm32cubeide_1.11.2/plugins/com.st.stm32cube.common.mx_6.7.0.202301130839//db/
2023-05-04 23:22:52,488 [INFO] CodeEngine:247 - oldGeneratedFile, /home/nikita/Documents/Quadrocopter/Quadrocopter/MXTmpFiles/license.tmp_save
2023-05-04 23:22:52,512 [INFO] CodeEngine:271 - Generated code: /home/nikita/Documents/Quadrocopter/Quadrocopter/MXTmpFiles/license.tmp
2023-05-04 23:22:52,515 [INFO] CodeEngine:247 - oldGeneratedFile, /home/nikita/Documents/Quadrocopter/Quadrocopter/MXTmpFiles/gpio.tmp_save
2023-05-04 23:22:52,539 [INFO] CodeEngine:271 - Generated code: /home/nikita/Documents/Quadrocopter/Quadrocopter/MXTmpFiles/gpio.tmp
2023-05-04 23:22:52,558 [INFO] CodeEngine:247 - oldGeneratedFile, /home/nikita/Documents/Quadrocopter/Quadrocopter/Core/Src/stm32f1xx_it.c_save
2023-05-04 23:22:52,583 [INFO] CodeEngine:271 - Generated code: /home/nikita/Documents/Quadrocopter/Quadrocopter/Core/Src/stm32f1xx_it.c
2023-05-04 23:22:52,584 [INFO] CodeEngine:247 - oldGeneratedFile, /home/nikita/Documents/Quadrocopter/Quadrocopter/Core/Inc/stm32f1xx_it.h_save
2023-05-04 23:22:52,608 [INFO] CodeEngine:271 - Generated code: /home/nikita/Documents/Quadrocopter/Quadrocopter/Core/Inc/stm32f1xx_it.h
2023-05-04 23:22:52,610 [INFO] CodeEngine:247 - oldGeneratedFile, /home/nikita/Documents/Quadrocopter/Quadrocopter/Core/Src/stm32f1xx_hal_msp.c_save
2023-05-04 23:22:52,679 [INFO] CodeEngine:271 - Generated code: /home/nikita/Documents/Quadrocopter/Quadrocopter/Core/Src/stm32f1xx_hal_msp.c
2023-05-04 23:22:52,679 [INFO] CodeEngine:247 - oldGeneratedFile, /home/nikita/Documents/Quadrocopter/Quadrocopter/MXTmpFiles/system.tmp_save
2023-05-04 23:22:52,705 [INFO] CodeEngine:271 - Generated code: /home/nikita/Documents/Quadrocopter/Quadrocopter/MXTmpFiles/system.tmp
2023-05-04 23:22:52,706 [INFO] CodeEngine:303 - oldGeneratedFile, /home/nikita/Documents/Quadrocopter/Quadrocopter/Core/Inc/stm32f1xx_hal_conf.h_save
2023-05-04 23:22:52,732 [INFO] CodeEngine:327 - Generated code: /home/nikita/Documents/Quadrocopter/Quadrocopter/Core/Inc/stm32f1xx_hal_conf.h
2023-05-04 23:22:52,736 [WARN] IPConfigManager:3414 - IP not found : TIM
2023-05-04 23:22:52,736 [WARN] CodeGenerator:3583 - IP not found : null
2023-05-04 23:22:52,737 [INFO] CodeEngine:247 - oldGeneratedFile, /home/nikita/Documents/Quadrocopter/Quadrocopter/Core/Inc/main.h_save
2023-05-04 23:22:52,761 [INFO] CodeEngine:271 - Generated code: /home/nikita/Documents/Quadrocopter/Quadrocopter/Core/Inc/main.h
2023-05-04 23:22:52,762 [INFO] CodeEngine:247 - oldGeneratedFile, /home/nikita/Documents/Quadrocopter/Quadrocopter/Core/Src/main.c_save
2023-05-04 23:22:52,799 [INFO] CodeEngine:271 - Generated code: /home/nikita/Documents/Quadrocopter/Quadrocopter/Core/Src/main.c
2023-05-04 23:22:52,960 [INFO] ProjectBuilder:2919 - Time for Copy HAL[1] : 6mS.
2023-05-04 23:22:52,961 [INFO] ProjectBuilder:4183 - Project Generator version: 3.18.0-B7
2023-05-04 23:22:53,045 [INFO] ConfigFileManager:1396 - The Die is : DIE420
2023-05-04 23:22:53,406 [INFO] ProjectBuilder:4351 - Time for Generating toolchain IDE Files: 445mS.
2023-05-04 23:22:53,407 [INFO] ProjectBuilder:2790 - Time for Copy CMSIS : 0mS.
2023-05-04 23:22:53,407 [INFO] ProjectBuilder:2790 - Time for Copy CMSIS : 0mS.
2023-05-04 23:22:53,419 [ERROR] ConfigurationRetriever:140 - IOException on connection: citools.st.com
2023-05-04 23:22:53,420 [ERROR] ConfigurationRetriever:140 - IOException on connection: citools.st.com
2023-05-04 23:22:53,420 [ERROR] ConfigurationRetriever:140 - IOException on connection: citools.st.com
2023-05-05 00:42:46,759 [ERROR] ConfigurationRetriever:140 - IOException on connection: citools.st.com
2023-05-05 00:42:46,759 [ERROR] ConfigurationRetriever:140 - IOException on connection: citools.st.com
2023-05-05 00:42:46,759 [ERROR] ConfigurationRetriever:140 - IOException on connection: citools.st.com
2023-05-05 00:46:08,905 [ERROR] ConfigurationRetriever:140 - IOException on connection: citools.st.com
2023-05-05 00:46:08,905 [ERROR] ConfigurationRetriever:140 - IOException on connection: citools.st.com
2023-05-05 00:46:08,906 [ERROR] ConfigurationRetriever:140 - IOException on connection: citools.st.com
2023-05-05 00:52:47,280 [ERROR] ConfigurationRetriever:140 - IOException on connection: citools.st.com
2023-05-05 00:52:47,281 [ERROR] ConfigurationRetriever:140 - IOException on connection: citools.st.com
2023-05-05 00:52:47,281 [ERROR] ConfigurationRetriever:140 - IOException on connection: citools.st.com
2023-05-05 00:53:01,367 [ERROR] ConfigurationRetriever:140 - IOException on connection: citools.st.com
2023-05-05 00:53:01,368 [ERROR] ConfigurationRetriever:140 - IOException on connection: citools.st.com
2023-05-05 00:53:01,368 [ERROR] ConfigurationRetriever:140 - IOException on connection: citools.st.com
2023-05-05 00:59:15,815 [ERROR] ConfigurationRetriever:140 - IOException on connection: citools.st.com
2023-05-05 00:59:15,816 [ERROR] ConfigurationRetriever:140 - IOException on connection: citools.st.com
2023-05-05 00:59:15,816 [ERROR] ConfigurationRetriever:140 - IOException on connection: citools.st.com
2023-05-05 01:25:45,058 [ERROR] ConfigurationRetriever:140 - IOException on connection: citools.st.com
2023-05-05 01:25:45,058 [ERROR] ConfigurationRetriever:140 - IOException on connection: citools.st.com
2023-05-05 01:25:45,058 [ERROR] ConfigurationRetriever:140 - IOException on connection: citools.st.com
2023-05-05 01:25:45,220 [INFO] WebAppUi:459 - Close the Jxbrowser engine manually
2023-05-05 01:25:45,227 [INFO] WebAppUi:462 - Profiles folder deleted
2023-05-05 01:25:45,355 [ERROR] LogOutputStream:74 - [STDERR_REDIRECT] 
2023-05-05 01:25:54,871 [INFO] Activator:179 - 


2023-05-05 01:25:54,871 [INFO] Activator:180 - !SESSION log4j initialized
2023-05-05 01:25:57,410 [ERROR] ConfigurationRetriever:140 - IOException on connection: citools.st.com
2023-05-05 01:25:57,411 [ERROR] ConfigurationRetriever:140 - IOException on connection: citools.st.com
2023-05-05 01:25:57,412 [ERROR] ConfigurationRetriever:140 - IOException on connection: citools.st.com
2023-05-05 01:26:17,548 [ERROR] LogOutputStream:74 - [STDERR_REDIRECT] SLF4J: Failed to load class "org.slf4j.impl.StaticLoggerBinder".
2023-05-05 01:26:17,548 [ERROR] LogOutputStream:74 - [STDERR_REDIRECT] SLF4J: Defaulting to no-operation (NOP) logger implementation
2023-05-05 01:26:17,548 [ERROR] LogOutputStream:74 - [STDERR_REDIRECT] SLF4J: See http://www.slf4j.org/codes.html#StaticLoggerBinder for further details.
2023-05-05 01:33:01,179 [ERROR] ConfigurationRetriever:140 - IOException on connection: citools.st.com
2023-05-05 01:33:01,181 [ERROR] ConfigurationRetriever:140 - IOException on connection: citools.st.com
2023-05-05 01:33:01,182 [ERROR] ConfigurationRetriever:140 - IOException on connection: citools.st.com
2023-05-05 01:33:07,168 [INFO] Activator:179 - 


2023-05-05 01:33:07,168 [INFO] Activator:180 - !SESSION log4j initialized
2023-05-05 01:33:09,339 [ERROR] ConfigurationRetriever:140 - IOException on connection: citools.st.com
2023-05-05 01:33:09,340 [ERROR] ConfigurationRetriever:140 - IOException on connection: citools.st.com
2023-05-05 01:33:09,341 [ERROR] ConfigurationRetriever:140 - IOException on connection: citools.st.com
2023-05-05 01:33:29,494 [ERROR] LogOutputStream:74 - [STDERR_REDIRECT] SLF4J: Failed to load class "org.slf4j.impl.StaticLoggerBinder".
2023-05-05 01:33:29,494 [ERROR] LogOutputStream:74 - [STDERR_REDIRECT] SLF4J: Defaulting to no-operation (NOP) logger implementation
2023-05-05 01:33:29,494 [ERROR] LogOutputStream:74 - [STDERR_REDIRECT] SLF4J: See http://www.slf4j.org/codes.html#StaticLoggerBinder for further details.
